[35m[Appium][39m Available drivers:
[35m[Appium][39m   - uiautomator2@2.29.2 (automationName 'UiAutomator2')
[35m[Appium][39m No plugins have been installed. Use the "appium plugin" command to install the one(s) you want to use.
[38;5;0m[HTTP][0m [37m-->[39m [37mPOST[39m [37m/session[39m
[38;5;0m[HTTP][0m [90m{"capabilities":{"alwaysMatch":{"platformName":"Android","appium:deviceName":"Sasuai","appium:platformVersion":"13.0","appium:automationName":"UiAutomator2","appium:app":"E:\\Learning QA\\WebdriverIO-Appium-FinalProject2\\test\\apk\\Diet_meal.apk","appium:appPackage":"com.fghilmany.dietmealapp","appium:appActivity":".ui.main.MainActivity","appium:noReset":true,"appium:forceAppLaunch":true},"firstMatch":[{}]},"desiredCapabilities":{"platformName":"Android","appium:deviceName":"Sasuai","appium:platformVersion":"13.0","appium:automationName":"UiAutomator2","appium:app":"E:\\Learning QA\\WebdriverIO-Appium-FinalProject2\\test\\apk\\Diet_meal.apk","appium:appPackage":"com.fghilmany.dietmealapp","appium:appActivity":".ui.main.MainActivity","appium:noReset":true,"appium:forceAppLaunch":true}}[39m
[debug] [38;5;16m[AppiumDriver@023f][0m Calling AppiumDriver.createSession() with args: [{"platformName":"Android","appium:deviceName":"Sasuai","appium:platformVersion":"13.0","appium:automationName":"UiAutomator2","appium:app":"E:\\Learning QA\\WebdriverIO-Appium-FinalProject2\\test\\apk\\Diet_meal.apk","appium:appPackage":"com.fghilmany.dietmealapp","appium:appActivity":".ui.main.MainActivity","appium:noReset":true,"appium:forceAppLaunch":true},null,{"alwaysMatch":{"platformName":"Android","appium:deviceName":"Sasuai","appium:platformVersion":"13.0","appium:automationName":"UiAutomator2","appium:app":"E:\\Learning QA\\WebdriverIO-Appium-FinalProject2\\test\\apk\\Diet_meal.apk","appium:appPackage":"com.fghilmany.dietmealapp","appium:appActivity":".ui.main.MainActivity","appium:noReset":true,"appium:forceAppLaunch":true},"firstMatch":[{}]}]
[debug] [38;5;16m[AppiumDriver@023f][0m Event 'newSessionRequested' logged at 1688813007291 (17:43:27 GMT+0700 (Western Indonesia Time))
[35m[Appium][39m Attempting to find matching driver for automationName 'UiAutomator2' and platformName 'Android'
[35m[Appium][39m The 'uiautomator2' driver was installed and matched caps.
[35m[Appium][39m Will require it at E:/Learning QA/WebdriverIO-Appium-FinalProject2/node_modules/appium-uiautomator2-driver
[debug] [35m[Appium][39m Requiring driver at E:/Learning QA/WebdriverIO-Appium-FinalProject2/node_modules/appium-uiautomator2-driver
[38;5;16m[AppiumDriver@023f][0m Appium v2.0.0 creating new AndroidUiautomator2Driver (v2.29.2) session
[38;5;16m[AppiumDriver@023f][0m Checking BaseDriver versions for Appium and AndroidUiautomator2Driver
[38;5;16m[AppiumDriver@023f][0m Appium's BaseDriver version is 9.3.15
[38;5;16m[AppiumDriver@023f][0m AndroidUiautomator2Driver's BaseDriver version is 9.3.15
[debug] [38;5;32m[AndroidUiautomator2Driver@74e5][0m Creating session with W3C capabilities: {
[debug] [38;5;32m[AndroidUiautomator2Driver@74e5][0m   "alwaysMatch": {
[debug] [38;5;32m[AndroidUiautomator2Driver@74e5][0m     "platformName": "Android",
[debug] [38;5;32m[AndroidUiautomator2Driver@74e5][0m     "appium:deviceName": "Sasuai",
[debug] [38;5;32m[AndroidUiautomator2Driver@74e5][0m     "appium:platformVersion": "13.0",
[debug] [38;5;32m[AndroidUiautomator2Driver@74e5][0m     "appium:automationName": "UiAutomator2",
[debug] [38;5;32m[AndroidUiautomator2Driver@74e5][0m     "appium:app": "E:\\Learning QA\\WebdriverIO-Appium-FinalProject2\\test\\apk\\Diet_meal.apk",
[debug] [38;5;32m[AndroidUiautomator2Driver@74e5][0m     "appium:appPackage": "com.fghilmany.dietmealapp",
[debug] [38;5;32m[AndroidUiautomator2Driver@74e5][0m     "appium:appActivity": ".ui.main.MainActivity",
[debug] [38;5;32m[AndroidUiautomator2Driver@74e5][0m     "appium:noReset": true,
[debug] [38;5;32m[AndroidUiautomator2Driver@74e5][0m     "appium:forceAppLaunch": true
[debug] [38;5;32m[AndroidUiautomator2Driver@74e5][0m   },
[debug] [38;5;32m[AndroidUiautomator2Driver@74e5][0m   "firstMatch": [
[debug] [38;5;32m[AndroidUiautomator2Driver@74e5][0m     {}
[debug] [38;5;32m[AndroidUiautomator2Driver@74e5][0m   ]
[debug] [38;5;32m[AndroidUiautomator2Driver@74e5][0m }
[38;5;32m[AndroidUiautomator2Driver@74e5][0m The following capabilities were provided, but are not recognized by Appium:
[38;5;32m[AndroidUiautomator2Driver@74e5][0m   deviceName
[38;5;32m[AndroidUiautomator2Driver@74e5 (5e8efee0)][0m Session created with session id: 5e8efee0-2256-49dc-bafb-a3e48f098226
[38;5;48m[BaseDriver][0m Using local app 'E:\Learning QA\WebdriverIO-Appium-FinalProject2\test\apk\Diet_meal.apk'
[debug] [38;5;32m[AndroidUiautomator2Driver@74e5 (5e8efee0)][0m Checking whether app is actually present
[38;5;64m[ADB][0m Found 1 'build-tools' folders under 'C:\Users\bnmo\AppData\Local\Android\Sdk' (newest first):
[38;5;64m[ADB][0m     C:/Users/bnmo/AppData/Local/Android/Sdk/build-tools/33.0.1
[38;5;64m[ADB][0m Using 'adb.exe' from 'C:\Users\bnmo\AppData\Local\Android\Sdk\platform-tools\adb.exe'
[debug] [38;5;64m[ADB][0m Running 'C:\Users\bnmo\AppData\Local\Android\Sdk\platform-tools\adb.exe -P 5037 start-server'
[38;5;80m[AndroidDriver][0m Retrieving device list
[debug] [38;5;64m[ADB][0m Trying to find a connected android device
[debug] [38;5;64m[ADB][0m Getting connected devices
[debug] [38;5;64m[ADB][0m Connected devices: [{"udid":"JZ69FQXKBY9DDYZD","state":"device"}]
[38;5;80m[AndroidDriver][0m Looking for a device with Android '13.0.0'
[debug] [38;5;64m[ADB][0m Setting device id to JZ69FQXKBY9DDYZD
[38;5;64m[ADB][0m Getting device platform version
[debug] [38;5;64m[ADB][0m Running 'C:\Users\bnmo\AppData\Local\Android\Sdk\platform-tools\adb.exe -P 5037 -s JZ69FQXKBY9DDYZD shell getprop ro.build.version.release'
[debug] [38;5;64m[ADB][0m Current device property 'ro.build.version.release': 13
[38;5;80m[AndroidDriver][0m Using device: JZ69FQXKBY9DDYZD
[38;5;64m[ADB][0m Using 'adb.exe' from 'C:\Users\bnmo\AppData\Local\Android\Sdk\platform-tools\adb.exe'
[debug] [38;5;64m[ADB][0m Running 'C:\Users\bnmo\AppData\Local\Android\Sdk\platform-tools\adb.exe -P 5037 start-server'
[debug] [38;5;64m[ADB][0m Setting device id to JZ69FQXKBY9DDYZD
[debug] [38;5;64m[ADB][0m Running 'C:\Users\bnmo\AppData\Local\Android\Sdk\platform-tools\adb.exe -P 5037 -s JZ69FQXKBY9DDYZD shell getprop ro.build.version.sdk'
[debug] [38;5;64m[ADB][0m Current device property 'ro.build.version.sdk': 33
[38;5;64m[ADB][0m Getting device platform version
[debug] [38;5;64m[ADB][0m Running 'C:\Users\bnmo\AppData\Local\Android\Sdk\platform-tools\adb.exe -P 5037 -s JZ69FQXKBY9DDYZD shell getprop ro.build.version.release'
[debug] [38;5;64m[ADB][0m Current device property 'ro.build.version.release': 13
[debug] [38;5;64m[ADB][0m Device API level: 33
[38;5;32m[AndroidUiautomator2Driver@74e5 (5e8efee0)][0m Relaxing hidden api policy
[debug] [38;5;64m[ADB][0m Running 'C:\Users\bnmo\AppData\Local\Android\Sdk\platform-tools\adb.exe -P 5037 -s JZ69FQXKBY9DDYZD shell 'settings put global hidden_api_policy_pre_p_apps 1;settings put global hidden_api_policy_p_apps 1;settings put global hidden_api_policy 1''
[debug] [38;5;80m[AndroidDriver][0m Pushing settings apk to device...
[debug] [38;5;64m[ADB][0m Getting package info for 'io.appium.settings'
[debug] [38;5;64m[ADB][0m Running 'C:\Users\bnmo\AppData\Local\Android\Sdk\platform-tools\adb.exe -P 5037 -s JZ69FQXKBY9DDYZD shell dumpsys package io.appium.settings'
[debug] [38;5;64m[ADB][0m The version name of the installed 'io.appium.settings' is greater or equal to the application version name ('5.0.5' >= '5.0.5')
[debug] [38;5;64m[ADB][0m There is no need to install/upgrade 'E:\Learning QA\WebdriverIO-Appium-FinalProject2\node_modules\appium-uiautomator2-driver\node_modules\io.appium.settings\apks\settings_apk-debug.apk'
[debug] [38;5;64m[ADB][0m Getting IDs of all 'io.appium.settings' processes
[debug] [38;5;64m[ADB][0m Running 'C:\Users\bnmo\AppData\Local\Android\Sdk\platform-tools\adb.exe -P 5037 -s JZ69FQXKBY9DDYZD shell 'pgrep --help; echo $?''
[debug] [38;5;64m[ADB][0m Running 'C:\Users\bnmo\AppData\Local\Android\Sdk\platform-tools\adb.exe -P 5037 -s JZ69FQXKBY9DDYZD shell pgrep -f \(\[\[:blank:\]\]\|\^\)io\.appium\.settings\(\[\[:blank:\]\]\|\$\)'
[debug] [38;5;80m[AndroidDriver][0m io.appium.settings is already running. There is no need to reset its permissions.
[debug] [38;5;64m[ADB][0m Running 'C:\Users\bnmo\AppData\Local\Android\Sdk\platform-tools\adb.exe -P 5037 -s JZ69FQXKBY9DDYZD shell appops set io.appium.settings android:mock_location allow'
[debug] [38;5;64m[ADB][0m Running 'C:\Users\bnmo\AppData\Local\Android\Sdk\platform-tools\adb.exe -P 5037 -s JZ69FQXKBY9DDYZD shell "[ -e '/data/local/tmp/mock_apps.json' ] && echo __PASS__"'
[debug] [38;5;64m[ADB][0m Running 'C:\Users\bnmo\AppData\Local\Android\Sdk\platform-tools\adb.exe -P 5037 -s JZ69FQXKBY9DDYZD shell cat /data/local/tmp/mock_apps.json'
[debug] [38;5;96m[Logcat][0m Starting logs capture with command: C:\\Users\\bnmo\\AppData\\Local\\Android\\Sdk\\platform-tools\\adb.exe -P 5037 -s JZ69FQXKBY9DDYZD logcat -v threadtime
[debug] [38;5;32m[AndroidUiautomator2Driver@74e5 (5e8efee0)][0m Forwarding UiAutomator2 Server port 6790 to local port 8200
[debug] [38;5;64m[ADB][0m Forwarding system: 8200 to device: 6790
[debug] [38;5;64m[ADB][0m Running 'C:\Users\bnmo\AppData\Local\Android\Sdk\platform-tools\adb.exe -P 5037 -s JZ69FQXKBY9DDYZD forward tcp:8200 tcp:6790'
[debug] [38;5;64m[ADB][0m Checking app cert for E:\Learning QA\WebdriverIO-Appium-FinalProject2\node_modules\appium-uiautomator2-driver\node_modules\appium-uiautomator2-server\apks\appium-uiautomator2-server-v5.12.2.apk
[debug] [38;5;64m[ADB][0m Checking app cert for E:\Learning QA\WebdriverIO-Appium-FinalProject2\node_modules\appium-uiautomator2-driver\node_modules\appium-uiautomator2-server\apks\appium-uiautomator2-server-debug-androidTest.apk
[38;5;64m[ADB][0m Using 'apksigner.jar' from 'C:\Users\bnmo\AppData\Local\Android\Sdk\build-tools\33.0.1\lib\apksigner.jar'
[debug] [38;5;64m[ADB][0m Starting apksigner: 'C:\\Program Files\\Java\\jdk-17.0.5\\bin\\java.exe' -Xmx1024M -Xss1m -jar C:\\Users\\bnmo\\AppData\\Local\\Android\\Sdk\\build-tools\\33.0.1\\lib\\apksigner.jar verify --print-certs 'E:\\Learning QA\\WebdriverIO-Appium-FinalProject2\\node_modules\\appium-uiautomator2-driver\\node_modules\\appium-uiautomator2-server\\apks\\appium-uiautomator2-server-debug-androidTest.apk'
[debug] [38;5;64m[ADB][0m Starting apksigner: 'C:\\Program Files\\Java\\jdk-17.0.5\\bin\\java.exe' -Xmx1024M -Xss1m -jar C:\\Users\\bnmo\\AppData\\Local\\Android\\Sdk\\build-tools\\33.0.1\\lib\\apksigner.jar verify --print-certs 'E:\\Learning QA\\WebdriverIO-Appium-FinalProject2\\node_modules\\appium-uiautomator2-driver\\node_modules\\appium-uiautomator2-server\\apks\\appium-uiautomator2-server-v5.12.2.apk'
[debug] [38;5;64m[ADB][0m apksigner stdout: Signer #1 certificate DN: EMAILADDRESS=android@android.com, CN=Android, OU=Android, O=Android, L=Mountain View, ST=California, C=US
[debug] [38;5;64m[ADB][0m Signer #1 certificate SHA-256 digest: a40da80a59d170caa950cf15c18c454d47a39b26989d8b640ecd745ba71bf5dc
[debug] [38;5;64m[ADB][0m Signer #1 certificate SHA-1 digest: 61ed377e85d386a8dfee6b864bd85b0bfaa5af81
[debug] [38;5;64m[ADB][0m Signer #1 certificate MD5 digest: e89b158e4bcf988ebd09eb83f5378e87
[debug] [38;5;64m[ADB][0m 
[debug] [38;5;64m[ADB][0m sha256 hash did match for 'appium-uiautomator2-server-debug-androidTest.apk'
[38;5;64m[ADB][0m 'E:\Learning QA\WebdriverIO-Appium-FinalProject2\node_modules\appium-uiautomator2-driver\node_modules\appium-uiautomator2-server\apks\appium-uiautomator2-server-debug-androidTest.apk' is signed with the default certificate
[debug] [38;5;64m[ADB][0m Getting install status for io.appium.uiautomator2.server.test
[debug] [38;5;64m[ADB][0m Running 'C:\Users\bnmo\AppData\Local\Android\Sdk\platform-tools\adb.exe -P 5037 -s JZ69FQXKBY9DDYZD shell pm path io.appium.uiautomator2.server.test'
[debug] [38;5;64m[ADB][0m 'io.appium.uiautomator2.server.test' is installed
[debug] [38;5;64m[ADB][0m apksigner stdout: Signer #1 certificate DN: EMAILADDRESS=android@android.com, CN=Android, OU=Android, O=Android, L=Mountain View, ST=California, C=US
[debug] [38;5;64m[ADB][0m Signer #1 certificate SHA-256 digest: a40da80a59d170caa950cf15c18c454d47a39b26989d8b640ecd745ba71bf5dc
[debug] [38;5;64m[ADB][0m Signer #1 certificate SHA-1 digest: 61ed377e85d386a8dfee6b864bd85b0bfaa5af81
[debug] [38;5;64m[ADB][0m Signer #1 certificate MD5 digest: e89b158e4bcf988ebd09eb83f5378e87
[debug] [38;5;64m[ADB][0m 
[debug] [38;5;64m[ADB][0m sha256 hash did match for 'appium-uiautomator2-server-v5.12.2.apk'
[38;5;64m[ADB][0m 'E:\Learning QA\WebdriverIO-Appium-FinalProject2\node_modules\appium-uiautomator2-driver\node_modules\appium-uiautomator2-server\apks\appium-uiautomator2-server-v5.12.2.apk' is signed with the default certificate
[debug] [38;5;64m[ADB][0m Getting package info for 'io.appium.uiautomator2.server'
[debug] [38;5;64m[ADB][0m Running 'C:\Users\bnmo\AppData\Local\Android\Sdk\platform-tools\adb.exe -P 5037 -s JZ69FQXKBY9DDYZD shell dumpsys package io.appium.uiautomator2.server'
[debug] [38;5;64m[ADB][0m The version name of the installed 'io.appium.uiautomator2.server' is greater or equal to the application version name ('5.12.2' >= '5.12.2')
[debug] [38;5;32m[AndroidUiautomator2Driver@74e5 (5e8efee0)][0m Server packages status: [{"wasSigned":true,"installState":"sameVersionInstalled","appPath":"E:\\Learning QA\\WebdriverIO-Appium-FinalProject2\\node_modules\\appium-uiautomator2-driver\\node_modules\\appium-uiautomator2-server\\apks\\appium-uiautomator2-server-v5.12.2.apk","appId":"io.appium.uiautomator2.server"},{"wasSigned":true,"installState":"sameVersionInstalled","appPath":"E:\\Learning QA\\WebdriverIO-Appium-FinalProject2\\node_modules\\appium-uiautomator2-driver\\node_modules\\appium-uiautomator2-server\\apks\\appium-uiautomator2-server-debug-androidTest.apk","appId":"io.appium.uiautomator2.server.test"}]
[38;5;32m[AndroidUiautomator2Driver@74e5 (5e8efee0)][0m Server packages are not going to be (re)installed
[debug] [38;5;32m[AndroidUiautomator2Driver@74e5 (5e8efee0)][0m Waiting up to 30000ms for services to be available
[debug] [38;5;64m[ADB][0m Running 'C:\Users\bnmo\AppData\Local\Android\Sdk\platform-tools\adb.exe -P 5037 -s JZ69FQXKBY9DDYZD shell pm list instrumentation'
[debug] [38;5;32m[AndroidUiautomator2Driver@74e5 (5e8efee0)][0m Instrumentation target 'io.appium.uiautomator2.server.test/androidx.test.runner.AndroidJUnitRunner' is available
[38;5;64m[ADB][0m Adding packages ["io.appium.settings","io.appium.uiautomator2.server","io.appium.uiautomator2.server.test"] to Doze whitelist
[debug] [38;5;64m[ADB][0m Got the following command chunks to execute: [["dumpsys","deviceidle","whitelist","+io.appium.settings",";","dumpsys","deviceidle","whitelist","+io.appium.uiautomator2.server",";","dumpsys","deviceidle","whitelist","+io.appium.uiautomator2.server.test",";"]]
[debug] [38;5;64m[ADB][0m Running 'C:\Users\bnmo\AppData\Local\Android\Sdk\platform-tools\adb.exe -P 5037 -s JZ69FQXKBY9DDYZD shell dumpsys deviceidle whitelist +io.appium.settings ; dumpsys deviceidle whitelist +io.appium.uiautomator2.server ; dumpsys deviceidle whitelist +io.appium.uiautomator2.server.test ;'
[debug] [38;5;64m[ADB][0m Getting install status for com.fghilmany.dietmealapp
[debug] [38;5;64m[ADB][0m Running 'C:\Users\bnmo\AppData\Local\Android\Sdk\platform-tools\adb.exe -P 5037 -s JZ69FQXKBY9DDYZD shell pm path com.fghilmany.dietmealapp'
[debug] [38;5;64m[ADB][0m 'com.fghilmany.dietmealapp' is installed
[debug] [38;5;32m[AndroidUiautomator2Driver@74e5 (5e8efee0)][0m noReset has been requested and the app is already installed. Doing nothing
[debug] [38;5;32m[AndroidUiautomator2Driver@74e5 (5e8efee0)][0m Performing shallow cleanup of automation leftovers
[debug] [38;5;32m[AndroidUiautomator2Driver@74e5 (5e8efee0)][0m No obsolete sessions have been detected (socket hang up)
[debug] [38;5;64m[ADB][0m Running 'C:\Users\bnmo\AppData\Local\Android\Sdk\platform-tools\adb.exe -P 5037 -s JZ69FQXKBY9DDYZD shell am force-stop io.appium.uiautomator2.server.test'
[38;5;32m[AndroidUiautomator2Driver@74e5 (5e8efee0)][0m Starting UIAutomator2 server 5.12.2
[38;5;32m[AndroidUiautomator2Driver@74e5 (5e8efee0)][0m Using UIAutomator2 server from 'E:\Learning QA\WebdriverIO-Appium-FinalProject2\node_modules\appium-uiautomator2-driver\node_modules\appium-uiautomator2-server\apks\appium-uiautomator2-server-v5.12.2.apk' and test from 'E:\Learning QA\WebdriverIO-Appium-FinalProject2\node_modules\appium-uiautomator2-driver\node_modules\appium-uiautomator2-server\apks\appium-uiautomator2-server-debug-androidTest.apk'
[38;5;32m[AndroidUiautomator2Driver@74e5 (5e8efee0)][0m Waiting up to 30000ms for UiAutomator2 to be online...
[debug] [38;5;64m[ADB][0m Creating ADB subprocess with args: ["-P","5037","-s","JZ69FQXKBY9DDYZD","shell","am","instrument","-w","-e","disableAnalytics",true,"io.appium.uiautomator2.server.test/androidx.test.runner.AndroidJUnitRunner"]
[debug] [38;5;32m[AndroidUiautomator2Driver@74e5 (5e8efee0)][0m Matched '/status' to command name 'getStatus'
[debug] [38;5;32m[AndroidUiautomator2Driver@74e5 (5e8efee0)][0m Proxying [GET /status] to [GET http://127.0.0.1:8200/status] with no body
[38;5;32m[AndroidUiautomator2Driver@74e5 (5e8efee0)][0m socket hang up
[debug] [38;5;32m[AndroidUiautomator2Driver@74e5 (5e8efee0)][0m Matched '/status' to command name 'getStatus'
[debug] [38;5;32m[AndroidUiautomator2Driver@74e5 (5e8efee0)][0m Proxying [GET /status] to [GET http://127.0.0.1:8200/status] with no body
[38;5;32m[AndroidUiautomator2Driver@74e5 (5e8efee0)][0m socket hang up
[debug] [38;5;112m[Instrumentation][0m io.appium.uiautomator2.server.test.AppiumUiAutomator2Server:
[debug] [38;5;32m[AndroidUiautomator2Driver@74e5 (5e8efee0)][0m Matched '/status' to command name 'getStatus'
[debug] [38;5;32m[AndroidUiautomator2Driver@74e5 (5e8efee0)][0m Proxying [GET /status] to [GET http://127.0.0.1:8200/status] with no body
[38;5;32m[AndroidUiautomator2Driver@74e5 (5e8efee0)][0m socket hang up
[debug] [38;5;32m[AndroidUiautomator2Driver@74e5 (5e8efee0)][0m Matched '/status' to command name 'getStatus'
[debug] [38;5;32m[AndroidUiautomator2Driver@74e5 (5e8efee0)][0m Proxying [GET /status] to [GET http://127.0.0.1:8200/status] with no body
[debug] [38;5;32m[AndroidUiautomator2Driver@74e5 (5e8efee0)][0m Got response with status 200: {"sessionId":"None","value":{"message":"UiAutomator2 Server is ready to accept commands","ready":true}}
[debug] [38;5;32m[AndroidUiautomator2Driver@74e5 (5e8efee0)][0m The initialization of the instrumentation process took 3289ms
[debug] [38;5;32m[AndroidUiautomator2Driver@74e5 (5e8efee0)][0m Matched '/session' to command name 'createSession'
[debug] [38;5;32m[AndroidUiautomator2Driver@74e5 (5e8efee0)][0m Proxying [POST /session] to [POST http://127.0.0.1:8200/session] with body: {"capabilities":{"firstMatch":[{"platform":"LINUX","webStorageEnabled":false,"takesScreenshot":true,"javascriptEnabled":true,"databaseEnabled":false,"networkConnectionEnabled":true,"locationContextEnabled":false,"warnings":{},"desired":{"platformName":"Android","deviceName":"Sasuai","platformVersion":"13.0","automationName":"UiAutomator2","app":"E:\\Learning QA\\WebdriverIO-Appium-FinalProject2\\test\\apk\\Diet_meal.apk","appPackage":"com.fghilmany.dietmealapp","appActivity":".ui.main.MainActivity","noReset":true,"forceAppLaunch":true},"platformName":"Android","deviceName":"JZ69FQXKBY9DDYZD","platformVersion":"13.0","automationName":"UiAutomator2","app":"E:\\Learning QA\\WebdriverIO-Appium-FinalProject2\\test\\apk\\Diet_meal.apk","appPackage":"com.fghilmany.dietmealapp","appActivity":".ui.main.MainActivity","noReset":true,"forceAppLaunch":true,"deviceUDID":"JZ69FQXKBY9DDYZD"}],"alwaysMatch":{}}}
[debug] [38;5;32m[AndroidUiautomator2Driver@74e5 (5e8efee0)][0m Got response with status 200: {"sessionId":"2eb14267-9a13-4fc9-912b-21c2a41c31e0","value":{"capabilities":{"firstMatch":[{"platform":"LINUX","webStorageEnabled":false,"takesScreenshot":true,"javascriptEnabled":true,"databaseEnabled":false,"networkConnectionEnabled":true,"locationContextEnabled":false,"warnings":{},"desired":{"platformName":"Android","deviceName":"Sasuai","platformVersion":"13.0","automationName":"UiAutomator2","app":"E:\\Learning QA\\WebdriverIO-Appium-FinalProject2\\test\\apk\\Diet_meal.apk","appPackage":"com.fghilmany.dietmealapp","appActivity":".ui.main.MainActivity","noReset":true,"forceAppLaunch":true},"platformName":"Android","deviceName":"JZ69FQXKBY9DDYZD","platformVersion":"13.0","automationName":"UiAutomator2","app":"E:\\Learning QA\\WebdriverIO-Appium-FinalProject2\\test\\apk\\Diet_meal.apk","appPackage":"com.fghilmany.dietmealapp","appActivity":".ui.main.MainActivity","noReset":true,"forceAppLaunch":true,"deviceUDID":"JZ69FQXKBY9DDYZD"}],"alwaysMatch":{}},"sessionId":"2eb14267-9a13-4fc9-912b-21c2a41c31e0"}}
[38;5;32m[AndroidUiautomator2Driver@74e5 (5e8efee0)][0m Determined the downstream protocol as 'W3C'
[debug] [38;5;32m[AndroidUiautomator2Driver@74e5 (5e8efee0)][0m Proxying [GET /appium/device/info] to [GET http://127.0.0.1:8200/session/2eb14267-9a13-4fc9-912b-21c2a41c31e0/appium/device/info] with no body
[debug] [38;5;32m[AndroidUiautomator2Driver@74e5 (5e8efee0)][0m Got response with status 200: {"sessionId":"2eb14267-9a13-4fc9-912b-21c2a41c31e0","value":{"androidId":"9fb4197467f08c30","apiVersion":"33","bluetooth":{"state":"OFF"},"brand":"Redmi","carrierName":"3SinyalKuatHemat","displayDensity":440,"locale":"in_ID","manufacturer":"Xiaomi","model":"M2101K7BNY","networks":[{"capabilities":{"SSID":null,"linkDownBandwidthKbps":14,"linkUpstreamBandwidthKbps":14,"networkCapabilities":"NET_CAPABILITY_SUPL,NET_CAPABILITY_INTERNET,NET_CAPABILITY_NOT_RESTRICTED,NET_CAPABILITY_TRUSTED,NET_CAPABILITY_NOT_VPN,NET_CAPABILITY_VALIDATED,NET_CAPABILITY_NOT_ROAMING,NET_CAPABILITY_FOREGROUND,NET_CAPABILITY_NOT_CONGESTED,NET_CAPABILITY_NOT_SUSPENDED","signalStrength":-2147483648,"transportTypes":"TRANSPORT_CELLULAR"},"detailedState":"CONNECTED","extraInfo":"3gprs","isAvailable":true,"isConnected":true,"isFailover":false,"isRoaming":false,"state":"CONNECTED","subtype":13,"subtypeName":"LTE","type":0,"typeName":"MOBILE"}],"platformVersion":"13","realDisplaySize":"1080x2400","timeZone":"Asia/Jakarta"}}
[debug] [38;5;64m[ADB][0m Running 'C:\Users\bnmo\AppData\Local\Android\Sdk\platform-tools\adb.exe -P 5037 -s JZ69FQXKBY9DDYZD shell dumpsys window'
[38;5;80m[AndroidDriver][0m Screen already unlocked, doing nothing
[38;5;32m[AndroidUiautomator2Driver@74e5 (5e8efee0)][0m Starting 'com.fghilmany.dietmealapp/.ui.main.MainActivity and waiting for 'com.fghilmany.dietmealapp/.ui.main.MainActivity'
[debug] [38;5;64m[ADB][0m Running 'C:\Users\bnmo\AppData\Local\Android\Sdk\platform-tools\adb.exe -P 5037 -s JZ69FQXKBY9DDYZD shell am start -W -n com.fghilmany.dietmealapp/.ui.main.MainActivity -S -a android.intent.action.MAIN -c android.intent.category.LAUNCHER -f 0x10200000'
[debug] [38;5;32m[AndroidUiautomator2Driver@74e5 (5e8efee0)][0m Proxying [GET /appium/device/pixel_ratio] to [GET http://127.0.0.1:8200/session/2eb14267-9a13-4fc9-912b-21c2a41c31e0/appium/device/pixel_ratio] with no body
[debug] [38;5;32m[AndroidUiautomator2Driver@74e5 (5e8efee0)][0m Got response with status 200: {"sessionId":"2eb14267-9a13-4fc9-912b-21c2a41c31e0","value":2.75}
[debug] [38;5;32m[AndroidUiautomator2Driver@74e5 (5e8efee0)][0m Matched '/appium/device/system_bars' to command name 'getSystemBars'
[debug] [38;5;32m[AndroidUiautomator2Driver@74e5 (5e8efee0)][0m Proxying [GET /appium/device/system_bars] to [GET http://127.0.0.1:8200/session/2eb14267-9a13-4fc9-912b-21c2a41c31e0/appium/device/system_bars] with no body
[debug] [38;5;32m[AndroidUiautomator2Driver@74e5 (5e8efee0)][0m Got response with status 200: {"sessionId":"2eb14267-9a13-4fc9-912b-21c2a41c31e0","value":{"statusBar":93}}
[debug] [38;5;32m[AndroidUiautomator2Driver@74e5 (5e8efee0)][0m Matched '/window/current/size' to command name 'getWindowSize'
[debug] [38;5;32m[AndroidUiautomator2Driver@74e5 (5e8efee0)][0m Proxying [GET /window/current/size] to [GET http://127.0.0.1:8200/session/2eb14267-9a13-4fc9-912b-21c2a41c31e0/window/current/size] with no body
[debug] [38;5;32m[AndroidUiautomator2Driver@74e5 (5e8efee0)][0m Got response with status 200: {"sessionId":"2eb14267-9a13-4fc9-912b-21c2a41c31e0","value":{"height":2177,"width":1080}}
[38;5;16m[AppiumDriver@023f][0m New AndroidUiautomator2Driver session created successfully, session 5e8efee0-2256-49dc-bafb-a3e48f098226 added to master session list
[debug] [38;5;16m[AppiumDriver@023f][0m Event 'newSessionStarted' logged at 1688813019563 (17:43:39 GMT+0700 (Western Indonesia Time))
[debug] [38;5;32m[AndroidUiautomator2Driver@74e5 (5e8efee0)][0m Cached the protocol value 'W3C' for the new session 5e8efee0-2256-49dc-bafb-a3e48f098226
[debug] [38;5;32m[AndroidUiautomator2Driver@74e5 (5e8efee0)][0m Responding to client with driver.createSession() result: {"capabilities":{"platform":"LINUX","webStorageEnabled":false,"takesScreenshot":true,"javascriptEnabled":true,"databaseEnabled":false,"networkConnectionEnabled":true,"locationContextEnabled":false,"warnings":{},"desired":{"platformName":"Android","deviceName":"Sasuai","platformVersion":"13.0","automationName":"UiAutomator2","app":"E:\\Learning QA\\WebdriverIO-Appium-FinalProject2\\test\\apk\\Diet_meal.apk","appPackage":"com.fghilmany.dietmealapp","appActivity":".ui.main.MainActivity","noReset":true,"forceAppLaunch":true},"platformName":"Android","deviceName":"JZ69FQXKBY9DDYZD","platformVersion":"13","automationName":"UiAutomator2","app":"E:\\Learning QA\\WebdriverIO-Appium-FinalProject2\\test\\apk\\Diet_meal.apk","appPackage":"com.fghilmany.dietmealapp","appActivity":".ui.main.MainActivity","noReset":true,"forceAppLaunch":true,"deviceUDID":"JZ69FQXKBY9DDYZD","deviceApiLevel":33,"deviceScreenSize":"1080x2400","deviceScreenDensity":440,"deviceModel":"M2101K7BNY","deviceManufacturer":"Xiaomi","pixelRatio":2.7...
[38;5;0m[HTTP][0m [37m<-- POST /session [39m[32m200[39m [90m12291 ms - 1166[39m
[38;5;0m[HTTP][0m [90m[39m
[38;5;0m[HTTP][0m [37m-->[39m [37mPOST[39m [37m/session/5e8efee0-2256-49dc-bafb-a3e48f098226/element[39m
[38;5;0m[HTTP][0m [90m{"using":"css selector","value":"[id$=\"header_welcome\"]"}[39m
[debug] [38;5;32m[AndroidUiautomator2Driver@74e5 (5e8efee0)][0m Calling AppiumDriver.findElement() with args: ["css selector","[id$=\"header_welcome\"]","5e8efee0-2256-49dc-bafb-a3e48f098226"]
[debug] [38;5;32m[AndroidUiautomator2Driver@74e5 (5e8efee0)][0m Valid locator strategies for this request: xpath, id, class name, accessibility id, css selector, -android uiautomator
[debug] [38;5;32m[AndroidUiautomator2Driver@74e5 (5e8efee0)][0m Waiting up to 0 ms for condition
[debug] [38;5;32m[AndroidUiautomator2Driver@74e5 (5e8efee0)][0m Matched '/element' to command name 'findElement'
[debug] [38;5;32m[AndroidUiautomator2Driver@74e5 (5e8efee0)][0m Proxying [POST /element] to [POST http://127.0.0.1:8200/session/2eb14267-9a13-4fc9-912b-21c2a41c31e0/element] with body: {"strategy":"-android uiautomator","selector":"new UiSelector().resourceIdMatches(\"com\\.fghilmany\\.dietmealapp:id/header_welcome$\")","context":"","multiple":false}
[38;5;32m[AndroidUiautomator2Driver@74e5 (5e8efee0)][0m Got response with status 404: {"sessionId":"2eb14267-9a13-4fc9-912b-21c2a41c31e0","value":{"error":"no such element","message":"An element could not be located on the page using the given search parameters","stacktrace":"io.appium.uiautomator2.common.exceptions.ElementNotFoundException: An element could not be located on the page using the given search parameters\n\tat io.appium.uiautomator2.handler.FindElement.safeHandle(FindElement.java:63)\n\tat io.appium.uiautomator2.handler.request.SafeRequestHandler.handle(SafeRequestHandler.java:59)\n\tat io.appium.uiautomator2.server.AppiumServlet.handleRequest(AppiumServlet.java:277)\n\tat io.appium.uiautomator2.server.AppiumServlet.handleHttpRequest(AppiumServlet.java:271)\n\tat io.appium.uiautomator2.http.ServerHandler.channelRead(ServerHandler.java:68)\n\tat io.netty.channel.AbstractChannelHandlerContext.invokeChannelRead(AbstractChannelHandlerContext.java:366)\n\tat io.netty.channel.AbstractChannelHandlerContext.invokeChannelRead(AbstractChannelHandlerContext.java:352)\n\tat io.netty.chann...
[debug] [38;5;128m[W3C][0m Matched W3C error code 'no such element' to NoSuchElementError
[debug] [38;5;32m[AndroidUiautomator2Driver@74e5 (5e8efee0)][0m Encountered internal error running command: NoSuchElementError: An element could not be located on the page using the given search parameters.
[debug] [38;5;32m[AndroidUiautomator2Driver@74e5 (5e8efee0)][0m     at AndroidUiautomator2Driver.findElOrEls (E:\Learning QA\WebdriverIO-Appium-FinalProject2\node_modules\appium-uiautomator2-driver\node_modules\appium-android-driver\lib\commands\find.js:75:11)
[debug] [38;5;32m[AndroidUiautomator2Driver@74e5 (5e8efee0)][0m     at processTicksAndRejections (node:internal/process/task_queues:95:5)
[debug] [38;5;32m[AndroidUiautomator2Driver@74e5 (5e8efee0)][0m     at AndroidUiautomator2Driver.findElOrElsWithProcessing (E:\Learning QA\WebdriverIO-Appium-FinalProject2\node_modules\@appium\base-driver\lib\basedriver\commands\find.ts:60:12)
[debug] [38;5;32m[AndroidUiautomator2Driver@74e5 (5e8efee0)][0m     at AndroidUiautomator2Driver.findElement (E:\Learning QA\WebdriverIO-Appium-FinalProject2\node_modules\@appium\base-driver\lib\basedriver\commands\find.ts:75:12)
[38;5;0m[HTTP][0m [37m<-- POST /session/5e8efee0-2256-49dc-bafb-a3e48f098226/element [39m[33m404[39m [90m574 ms - 890[39m
[38;5;0m[HTTP][0m [90m[39m
[38;5;0m[HTTP][0m [37m-->[39m [37mPOST[39m [37m/session/5e8efee0-2256-49dc-bafb-a3e48f098226/element[39m
[38;5;0m[HTTP][0m [90m{"using":"css selector","value":"[id$=\"header_welcome\"]"}[39m
[debug] [38;5;32m[AndroidUiautomator2Driver@74e5 (5e8efee0)][0m Calling AppiumDriver.findElement() with args: ["css selector","[id$=\"header_welcome\"]","5e8efee0-2256-49dc-bafb-a3e48f098226"]
[debug] [38;5;32m[AndroidUiautomator2Driver@74e5 (5e8efee0)][0m Valid locator strategies for this request: xpath, id, class name, accessibility id, css selector, -android uiautomator
[debug] [38;5;32m[AndroidUiautomator2Driver@74e5 (5e8efee0)][0m Waiting up to 0 ms for condition
[debug] [38;5;32m[AndroidUiautomator2Driver@74e5 (5e8efee0)][0m Matched '/element' to command name 'findElement'
[debug] [38;5;32m[AndroidUiautomator2Driver@74e5 (5e8efee0)][0m Proxying [POST /element] to [POST http://127.0.0.1:8200/session/2eb14267-9a13-4fc9-912b-21c2a41c31e0/element] with body: {"strategy":"-android uiautomator","selector":"new UiSelector().resourceIdMatches(\"com\\.fghilmany\\.dietmealapp:id/header_welcome$\")","context":"","multiple":false}
[38;5;32m[AndroidUiautomator2Driver@74e5 (5e8efee0)][0m Got response with status 404: {"sessionId":"2eb14267-9a13-4fc9-912b-21c2a41c31e0","value":{"error":"no such element","message":"An element could not be located on the page using the given search parameters","stacktrace":"io.appium.uiautomator2.common.exceptions.ElementNotFoundException: An element could not be located on the page using the given search parameters\n\tat io.appium.uiautomator2.handler.FindElement.safeHandle(FindElement.java:63)\n\tat io.appium.uiautomator2.handler.request.SafeRequestHandler.handle(SafeRequestHandler.java:59)\n\tat io.appium.uiautomator2.server.AppiumServlet.handleRequest(AppiumServlet.java:277)\n\tat io.appium.uiautomator2.server.AppiumServlet.handleHttpRequest(AppiumServlet.java:271)\n\tat io.appium.uiautomator2.http.ServerHandler.channelRead(ServerHandler.java:68)\n\tat io.netty.channel.AbstractChannelHandlerContext.invokeChannelRead(AbstractChannelHandlerContext.java:366)\n\tat io.netty.channel.AbstractChannelHandlerContext.invokeChannelRead(AbstractChannelHandlerContext.java:352)\n\tat io.netty.chann...
[debug] [38;5;128m[W3C][0m Matched W3C error code 'no such element' to NoSuchElementError
[debug] [38;5;32m[AndroidUiautomator2Driver@74e5 (5e8efee0)][0m Encountered internal error running command: NoSuchElementError: An element could not be located on the page using the given search parameters.
[debug] [38;5;32m[AndroidUiautomator2Driver@74e5 (5e8efee0)][0m     at AndroidUiautomator2Driver.findElOrEls (E:\Learning QA\WebdriverIO-Appium-FinalProject2\node_modules\appium-uiautomator2-driver\node_modules\appium-android-driver\lib\commands\find.js:75:11)
[debug] [38;5;32m[AndroidUiautomator2Driver@74e5 (5e8efee0)][0m     at processTicksAndRejections (node:internal/process/task_queues:95:5)
[debug] [38;5;32m[AndroidUiautomator2Driver@74e5 (5e8efee0)][0m     at AndroidUiautomator2Driver.findElOrElsWithProcessing (E:\Learning QA\WebdriverIO-Appium-FinalProject2\node_modules\@appium\base-driver\lib\basedriver\commands\find.ts:60:12)
[debug] [38;5;32m[AndroidUiautomator2Driver@74e5 (5e8efee0)][0m     at AndroidUiautomator2Driver.findElement (E:\Learning QA\WebdriverIO-Appium-FinalProject2\node_modules\@appium\base-driver\lib\basedriver\commands\find.ts:75:12)
[38;5;0m[HTTP][0m [37m<-- POST /session/5e8efee0-2256-49dc-bafb-a3e48f098226/element [39m[33m404[39m [90m98 ms - 890[39m
[38;5;0m[HTTP][0m [90m[39m
[38;5;0m[HTTP][0m [37m-->[39m [37mPOST[39m [37m/session/5e8efee0-2256-49dc-bafb-a3e48f098226/element[39m
[38;5;0m[HTTP][0m [90m{"using":"css selector","value":"[id$=\"header_welcome\"]"}[39m
[debug] [38;5;32m[AndroidUiautomator2Driver@74e5 (5e8efee0)][0m Calling AppiumDriver.findElement() with args: ["css selector","[id$=\"header_welcome\"]","5e8efee0-2256-49dc-bafb-a3e48f098226"]
[debug] [38;5;32m[AndroidUiautomator2Driver@74e5 (5e8efee0)][0m Valid locator strategies for this request: xpath, id, class name, accessibility id, css selector, -android uiautomator
[debug] [38;5;32m[AndroidUiautomator2Driver@74e5 (5e8efee0)][0m Waiting up to 0 ms for condition
[debug] [38;5;32m[AndroidUiautomator2Driver@74e5 (5e8efee0)][0m Matched '/element' to command name 'findElement'
[debug] [38;5;32m[AndroidUiautomator2Driver@74e5 (5e8efee0)][0m Proxying [POST /element] to [POST http://127.0.0.1:8200/session/2eb14267-9a13-4fc9-912b-21c2a41c31e0/element] with body: {"strategy":"-android uiautomator","selector":"new UiSelector().resourceIdMatches(\"com\\.fghilmany\\.dietmealapp:id/header_welcome$\")","context":"","multiple":false}
[38;5;32m[AndroidUiautomator2Driver@74e5 (5e8efee0)][0m Got response with status 404: {"sessionId":"2eb14267-9a13-4fc9-912b-21c2a41c31e0","value":{"error":"no such element","message":"An element could not be located on the page using the given search parameters","stacktrace":"io.appium.uiautomator2.common.exceptions.ElementNotFoundException: An element could not be located on the page using the given search parameters\n\tat io.appium.uiautomator2.handler.FindElement.safeHandle(FindElement.java:63)\n\tat io.appium.uiautomator2.handler.request.SafeRequestHandler.handle(SafeRequestHandler.java:59)\n\tat io.appium.uiautomator2.server.AppiumServlet.handleRequest(AppiumServlet.java:277)\n\tat io.appium.uiautomator2.server.AppiumServlet.handleHttpRequest(AppiumServlet.java:271)\n\tat io.appium.uiautomator2.http.ServerHandler.channelRead(ServerHandler.java:68)\n\tat io.netty.channel.AbstractChannelHandlerContext.invokeChannelRead(AbstractChannelHandlerContext.java:366)\n\tat io.netty.channel.AbstractChannelHandlerContext.invokeChannelRead(AbstractChannelHandlerContext.java:352)\n\tat io.netty.chann...
[debug] [38;5;128m[W3C][0m Matched W3C error code 'no such element' to NoSuchElementError
[debug] [38;5;32m[AndroidUiautomator2Driver@74e5 (5e8efee0)][0m Encountered internal error running command: NoSuchElementError: An element could not be located on the page using the given search parameters.
[debug] [38;5;32m[AndroidUiautomator2Driver@74e5 (5e8efee0)][0m     at AndroidUiautomator2Driver.findElOrEls (E:\Learning QA\WebdriverIO-Appium-FinalProject2\node_modules\appium-uiautomator2-driver\node_modules\appium-android-driver\lib\commands\find.js:75:11)
[debug] [38;5;32m[AndroidUiautomator2Driver@74e5 (5e8efee0)][0m     at processTicksAndRejections (node:internal/process/task_queues:95:5)
[debug] [38;5;32m[AndroidUiautomator2Driver@74e5 (5e8efee0)][0m     at AndroidUiautomator2Driver.findElOrElsWithProcessing (E:\Learning QA\WebdriverIO-Appium-FinalProject2\node_modules\@appium\base-driver\lib\basedriver\commands\find.ts:60:12)
[debug] [38;5;32m[AndroidUiautomator2Driver@74e5 (5e8efee0)][0m     at AndroidUiautomator2Driver.findElement (E:\Learning QA\WebdriverIO-Appium-FinalProject2\node_modules\@appium\base-driver\lib\basedriver\commands\find.ts:75:12)
[38;5;0m[HTTP][0m [37m<-- POST /session/5e8efee0-2256-49dc-bafb-a3e48f098226/element [39m[33m404[39m [90m67 ms - 890[39m
[38;5;0m[HTTP][0m [90m[39m
[38;5;0m[HTTP][0m [37m-->[39m [37mPOST[39m [37m/session/5e8efee0-2256-49dc-bafb-a3e48f098226/element[39m
[38;5;0m[HTTP][0m [90m{"using":"css selector","value":"[id$=\"header_welcome\"]"}[39m
[debug] [38;5;32m[AndroidUiautomator2Driver@74e5 (5e8efee0)][0m Calling AppiumDriver.findElement() with args: ["css selector","[id$=\"header_welcome\"]","5e8efee0-2256-49dc-bafb-a3e48f098226"]
[debug] [38;5;32m[AndroidUiautomator2Driver@74e5 (5e8efee0)][0m Valid locator strategies for this request: xpath, id, class name, accessibility id, css selector, -android uiautomator
[debug] [38;5;32m[AndroidUiautomator2Driver@74e5 (5e8efee0)][0m Waiting up to 0 ms for condition
[debug] [38;5;32m[AndroidUiautomator2Driver@74e5 (5e8efee0)][0m Matched '/element' to command name 'findElement'
[debug] [38;5;32m[AndroidUiautomator2Driver@74e5 (5e8efee0)][0m Proxying [POST /element] to [POST http://127.0.0.1:8200/session/2eb14267-9a13-4fc9-912b-21c2a41c31e0/element] with body: {"strategy":"-android uiautomator","selector":"new UiSelector().resourceIdMatches(\"com\\.fghilmany\\.dietmealapp:id/header_welcome$\")","context":"","multiple":false}
[38;5;32m[AndroidUiautomator2Driver@74e5 (5e8efee0)][0m Got response with status 404: {"sessionId":"2eb14267-9a13-4fc9-912b-21c2a41c31e0","value":{"error":"no such element","message":"An element could not be located on the page using the given search parameters","stacktrace":"io.appium.uiautomator2.common.exceptions.ElementNotFoundException: An element could not be located on the page using the given search parameters\n\tat io.appium.uiautomator2.handler.FindElement.safeHandle(FindElement.java:63)\n\tat io.appium.uiautomator2.handler.request.SafeRequestHandler.handle(SafeRequestHandler.java:59)\n\tat io.appium.uiautomator2.server.AppiumServlet.handleRequest(AppiumServlet.java:277)\n\tat io.appium.uiautomator2.server.AppiumServlet.handleHttpRequest(AppiumServlet.java:271)\n\tat io.appium.uiautomator2.http.ServerHandler.channelRead(ServerHandler.java:68)\n\tat io.netty.channel.AbstractChannelHandlerContext.invokeChannelRead(AbstractChannelHandlerContext.java:366)\n\tat io.netty.channel.AbstractChannelHandlerContext.invokeChannelRead(AbstractChannelHandlerContext.java:352)\n\tat io.netty.chann...
[debug] [38;5;128m[W3C][0m Matched W3C error code 'no such element' to NoSuchElementError
[debug] [38;5;32m[AndroidUiautomator2Driver@74e5 (5e8efee0)][0m Encountered internal error running command: NoSuchElementError: An element could not be located on the page using the given search parameters.
[debug] [38;5;32m[AndroidUiautomator2Driver@74e5 (5e8efee0)][0m     at AndroidUiautomator2Driver.findElOrEls (E:\Learning QA\WebdriverIO-Appium-FinalProject2\node_modules\appium-uiautomator2-driver\node_modules\appium-android-driver\lib\commands\find.js:75:11)
[debug] [38;5;32m[AndroidUiautomator2Driver@74e5 (5e8efee0)][0m     at processTicksAndRejections (node:internal/process/task_queues:95:5)
[debug] [38;5;32m[AndroidUiautomator2Driver@74e5 (5e8efee0)][0m     at AndroidUiautomator2Driver.findElOrElsWithProcessing (E:\Learning QA\WebdriverIO-Appium-FinalProject2\node_modules\@appium\base-driver\lib\basedriver\commands\find.ts:60:12)
[debug] [38;5;32m[AndroidUiautomator2Driver@74e5 (5e8efee0)][0m     at AndroidUiautomator2Driver.findElement (E:\Learning QA\WebdriverIO-Appium-FinalProject2\node_modules\@appium\base-driver\lib\basedriver\commands\find.ts:75:12)
[38;5;0m[HTTP][0m [37m<-- POST /session/5e8efee0-2256-49dc-bafb-a3e48f098226/element [39m[33m404[39m [90m75 ms - 890[39m
[38;5;0m[HTTP][0m [90m[39m
[38;5;0m[HTTP][0m [37m-->[39m [37mPOST[39m [37m/session/5e8efee0-2256-49dc-bafb-a3e48f098226/element[39m
[38;5;0m[HTTP][0m [90m{"using":"css selector","value":"[id$=\"header_welcome\"]"}[39m
[debug] [38;5;32m[AndroidUiautomator2Driver@74e5 (5e8efee0)][0m Calling AppiumDriver.findElement() with args: ["css selector","[id$=\"header_welcome\"]","5e8efee0-2256-49dc-bafb-a3e48f098226"]
[debug] [38;5;32m[AndroidUiautomator2Driver@74e5 (5e8efee0)][0m Valid locator strategies for this request: xpath, id, class name, accessibility id, css selector, -android uiautomator
[debug] [38;5;32m[AndroidUiautomator2Driver@74e5 (5e8efee0)][0m Waiting up to 0 ms for condition
[debug] [38;5;32m[AndroidUiautomator2Driver@74e5 (5e8efee0)][0m Matched '/element' to command name 'findElement'
[debug] [38;5;32m[AndroidUiautomator2Driver@74e5 (5e8efee0)][0m Proxying [POST /element] to [POST http://127.0.0.1:8200/session/2eb14267-9a13-4fc9-912b-21c2a41c31e0/element] with body: {"strategy":"-android uiautomator","selector":"new UiSelector().resourceIdMatches(\"com\\.fghilmany\\.dietmealapp:id/header_welcome$\")","context":"","multiple":false}
[38;5;32m[AndroidUiautomator2Driver@74e5 (5e8efee0)][0m Got response with status 404: {"sessionId":"2eb14267-9a13-4fc9-912b-21c2a41c31e0","value":{"error":"no such element","message":"An element could not be located on the page using the given search parameters","stacktrace":"io.appium.uiautomator2.common.exceptions.ElementNotFoundException: An element could not be located on the page using the given search parameters\n\tat io.appium.uiautomator2.handler.FindElement.safeHandle(FindElement.java:63)\n\tat io.appium.uiautomator2.handler.request.SafeRequestHandler.handle(SafeRequestHandler.java:59)\n\tat io.appium.uiautomator2.server.AppiumServlet.handleRequest(AppiumServlet.java:277)\n\tat io.appium.uiautomator2.server.AppiumServlet.handleHttpRequest(AppiumServlet.java:271)\n\tat io.appium.uiautomator2.http.ServerHandler.channelRead(ServerHandler.java:68)\n\tat io.netty.channel.AbstractChannelHandlerContext.invokeChannelRead(AbstractChannelHandlerContext.java:366)\n\tat io.netty.channel.AbstractChannelHandlerContext.invokeChannelRead(AbstractChannelHandlerContext.java:352)\n\tat io.netty.chann...
[debug] [38;5;128m[W3C][0m Matched W3C error code 'no such element' to NoSuchElementError
[debug] [38;5;32m[AndroidUiautomator2Driver@74e5 (5e8efee0)][0m Encountered internal error running command: NoSuchElementError: An element could not be located on the page using the given search parameters.
[debug] [38;5;32m[AndroidUiautomator2Driver@74e5 (5e8efee0)][0m     at AndroidUiautomator2Driver.findElOrEls (E:\Learning QA\WebdriverIO-Appium-FinalProject2\node_modules\appium-uiautomator2-driver\node_modules\appium-android-driver\lib\commands\find.js:75:11)
[debug] [38;5;32m[AndroidUiautomator2Driver@74e5 (5e8efee0)][0m     at processTicksAndRejections (node:internal/process/task_queues:95:5)
[debug] [38;5;32m[AndroidUiautomator2Driver@74e5 (5e8efee0)][0m     at AndroidUiautomator2Driver.findElOrElsWithProcessing (E:\Learning QA\WebdriverIO-Appium-FinalProject2\node_modules\@appium\base-driver\lib\basedriver\commands\find.ts:60:12)
[debug] [38;5;32m[AndroidUiautomator2Driver@74e5 (5e8efee0)][0m     at AndroidUiautomator2Driver.findElement (E:\Learning QA\WebdriverIO-Appium-FinalProject2\node_modules\@appium\base-driver\lib\basedriver\commands\find.ts:75:12)
[38;5;0m[HTTP][0m [37m<-- POST /session/5e8efee0-2256-49dc-bafb-a3e48f098226/element [39m[33m404[39m [90m76 ms - 890[39m
[38;5;0m[HTTP][0m [90m[39m
[38;5;0m[HTTP][0m [37m-->[39m [37mPOST[39m [37m/session/5e8efee0-2256-49dc-bafb-a3e48f098226/element[39m
[38;5;0m[HTTP][0m [90m{"using":"css selector","value":"[id$=\"header_welcome\"]"}[39m
[debug] [38;5;32m[AndroidUiautomator2Driver@74e5 (5e8efee0)][0m Calling AppiumDriver.findElement() with args: ["css selector","[id$=\"header_welcome\"]","5e8efee0-2256-49dc-bafb-a3e48f098226"]
[debug] [38;5;32m[AndroidUiautomator2Driver@74e5 (5e8efee0)][0m Valid locator strategies for this request: xpath, id, class name, accessibility id, css selector, -android uiautomator
[debug] [38;5;32m[AndroidUiautomator2Driver@74e5 (5e8efee0)][0m Waiting up to 0 ms for condition
[debug] [38;5;32m[AndroidUiautomator2Driver@74e5 (5e8efee0)][0m Matched '/element' to command name 'findElement'
[debug] [38;5;32m[AndroidUiautomator2Driver@74e5 (5e8efee0)][0m Proxying [POST /element] to [POST http://127.0.0.1:8200/session/2eb14267-9a13-4fc9-912b-21c2a41c31e0/element] with body: {"strategy":"-android uiautomator","selector":"new UiSelector().resourceIdMatches(\"com\\.fghilmany\\.dietmealapp:id/header_welcome$\")","context":"","multiple":false}
[38;5;32m[AndroidUiautomator2Driver@74e5 (5e8efee0)][0m Got response with status 404: {"sessionId":"2eb14267-9a13-4fc9-912b-21c2a41c31e0","value":{"error":"no such element","message":"An element could not be located on the page using the given search parameters","stacktrace":"io.appium.uiautomator2.common.exceptions.ElementNotFoundException: An element could not be located on the page using the given search parameters\n\tat io.appium.uiautomator2.handler.FindElement.safeHandle(FindElement.java:63)\n\tat io.appium.uiautomator2.handler.request.SafeRequestHandler.handle(SafeRequestHandler.java:59)\n\tat io.appium.uiautomator2.server.AppiumServlet.handleRequest(AppiumServlet.java:277)\n\tat io.appium.uiautomator2.server.AppiumServlet.handleHttpRequest(AppiumServlet.java:271)\n\tat io.appium.uiautomator2.http.ServerHandler.channelRead(ServerHandler.java:68)\n\tat io.netty.channel.AbstractChannelHandlerContext.invokeChannelRead(AbstractChannelHandlerContext.java:366)\n\tat io.netty.channel.AbstractChannelHandlerContext.invokeChannelRead(AbstractChannelHandlerContext.java:352)\n\tat io.netty.chann...
[debug] [38;5;128m[W3C][0m Matched W3C error code 'no such element' to NoSuchElementError
[debug] [38;5;32m[AndroidUiautomator2Driver@74e5 (5e8efee0)][0m Encountered internal error running command: NoSuchElementError: An element could not be located on the page using the given search parameters.
[debug] [38;5;32m[AndroidUiautomator2Driver@74e5 (5e8efee0)][0m     at AndroidUiautomator2Driver.findElOrEls (E:\Learning QA\WebdriverIO-Appium-FinalProject2\node_modules\appium-uiautomator2-driver\node_modules\appium-android-driver\lib\commands\find.js:75:11)
[debug] [38;5;32m[AndroidUiautomator2Driver@74e5 (5e8efee0)][0m     at processTicksAndRejections (node:internal/process/task_queues:95:5)
[debug] [38;5;32m[AndroidUiautomator2Driver@74e5 (5e8efee0)][0m     at AndroidUiautomator2Driver.findElOrElsWithProcessing (E:\Learning QA\WebdriverIO-Appium-FinalProject2\node_modules\@appium\base-driver\lib\basedriver\commands\find.ts:60:12)
[debug] [38;5;32m[AndroidUiautomator2Driver@74e5 (5e8efee0)][0m     at AndroidUiautomator2Driver.findElement (E:\Learning QA\WebdriverIO-Appium-FinalProject2\node_modules\@appium\base-driver\lib\basedriver\commands\find.ts:75:12)
[38;5;0m[HTTP][0m [37m<-- POST /session/5e8efee0-2256-49dc-bafb-a3e48f098226/element [39m[33m404[39m [90m85 ms - 890[39m
[38;5;0m[HTTP][0m [90m[39m
[38;5;0m[HTTP][0m [37m-->[39m [37mPOST[39m [37m/session/5e8efee0-2256-49dc-bafb-a3e48f098226/element[39m
[38;5;0m[HTTP][0m [90m{"using":"css selector","value":"[id$=\"header_welcome\"]"}[39m
[debug] [38;5;32m[AndroidUiautomator2Driver@74e5 (5e8efee0)][0m Calling AppiumDriver.findElement() with args: ["css selector","[id$=\"header_welcome\"]","5e8efee0-2256-49dc-bafb-a3e48f098226"]
[debug] [38;5;32m[AndroidUiautomator2Driver@74e5 (5e8efee0)][0m Valid locator strategies for this request: xpath, id, class name, accessibility id, css selector, -android uiautomator
[debug] [38;5;32m[AndroidUiautomator2Driver@74e5 (5e8efee0)][0m Waiting up to 0 ms for condition
[debug] [38;5;32m[AndroidUiautomator2Driver@74e5 (5e8efee0)][0m Matched '/element' to command name 'findElement'
[debug] [38;5;32m[AndroidUiautomator2Driver@74e5 (5e8efee0)][0m Proxying [POST /element] to [POST http://127.0.0.1:8200/session/2eb14267-9a13-4fc9-912b-21c2a41c31e0/element] with body: {"strategy":"-android uiautomator","selector":"new UiSelector().resourceIdMatches(\"com\\.fghilmany\\.dietmealapp:id/header_welcome$\")","context":"","multiple":false}
[debug] [38;5;32m[AndroidUiautomator2Driver@74e5 (5e8efee0)][0m Got response with status 200: {"sessionId":"2eb14267-9a13-4fc9-912b-21c2a41c31e0","value":{"ELEMENT":"00000000-0000-0115-ffff-ffff0000000e","element-6066-11e4-a52e-4f735466cecf":"00000000-0000-0115-ffff-ffff0000000e"}}
[debug] [38;5;32m[AndroidUiautomator2Driver@74e5 (5e8efee0)][0m Responding to client with driver.findElement() result: {"element-6066-11e4-a52e-4f735466cecf":"00000000-0000-0115-ffff-ffff0000000e","ELEMENT":"00000000-0000-0115-ffff-ffff0000000e"}
[38;5;0m[HTTP][0m [37m<-- POST /session/5e8efee0-2256-49dc-bafb-a3e48f098226/element [39m[32m200[39m [90m254 ms - 137[39m
[38;5;0m[HTTP][0m [90m[39m
[38;5;0m[HTTP][0m [37m-->[39m [37mGET[39m [37m/session/5e8efee0-2256-49dc-bafb-a3e48f098226/element/00000000-0000-0115-ffff-ffff0000000e/displayed[39m
[38;5;0m[HTTP][0m [90m{}[39m
[debug] [38;5;32m[AndroidUiautomator2Driver@74e5 (5e8efee0)][0m Calling AppiumDriver.elementDisplayed() with args: ["00000000-0000-0115-ffff-ffff0000000e","5e8efee0-2256-49dc-bafb-a3e48f098226"]
[debug] [38;5;32m[AndroidUiautomator2Driver@74e5 (5e8efee0)][0m Matched '/element/00000000-0000-0115-ffff-ffff0000000e/attribute/displayed' to command name 'getAttribute'
[debug] [38;5;32m[AndroidUiautomator2Driver@74e5 (5e8efee0)][0m Proxying [GET /element/00000000-0000-0115-ffff-ffff0000000e/attribute/displayed] to [GET http://127.0.0.1:8200/session/2eb14267-9a13-4fc9-912b-21c2a41c31e0/element/00000000-0000-0115-ffff-ffff0000000e/attribute/displayed] with no body
[debug] [38;5;32m[AndroidUiautomator2Driver@74e5 (5e8efee0)][0m Got response with status 200: {"sessionId":"2eb14267-9a13-4fc9-912b-21c2a41c31e0","value":"true"}
[debug] [38;5;32m[AndroidUiautomator2Driver@74e5 (5e8efee0)][0m Responding to client with driver.elementDisplayed() result: true
[38;5;0m[HTTP][0m [37m<-- GET /session/5e8efee0-2256-49dc-bafb-a3e48f098226/element/00000000-0000-0115-ffff-ffff0000000e/displayed [39m[32m200[39m [90m1113 ms - 14[39m
[38;5;0m[HTTP][0m [90m[39m
[38;5;0m[HTTP][0m [37m-->[39m [37mPOST[39m [37m/session/5e8efee0-2256-49dc-bafb-a3e48f098226/element[39m
[38;5;0m[HTTP][0m [90m{"using":"css selector","value":"[id$=\"et_name\"]"}[39m
[debug] [38;5;32m[AndroidUiautomator2Driver@74e5 (5e8efee0)][0m Calling AppiumDriver.findElement() with args: ["css selector","[id$=\"et_name\"]","5e8efee0-2256-49dc-bafb-a3e48f098226"]
[debug] [38;5;32m[AndroidUiautomator2Driver@74e5 (5e8efee0)][0m Valid locator strategies for this request: xpath, id, class name, accessibility id, css selector, -android uiautomator
[debug] [38;5;32m[AndroidUiautomator2Driver@74e5 (5e8efee0)][0m Waiting up to 0 ms for condition
[debug] [38;5;32m[AndroidUiautomator2Driver@74e5 (5e8efee0)][0m Matched '/element' to command name 'findElement'
[debug] [38;5;32m[AndroidUiautomator2Driver@74e5 (5e8efee0)][0m Proxying [POST /element] to [POST http://127.0.0.1:8200/session/2eb14267-9a13-4fc9-912b-21c2a41c31e0/element] with body: {"strategy":"-android uiautomator","selector":"new UiSelector().resourceIdMatches(\"com\\.fghilmany\\.dietmealapp:id/et_name$\")","context":"","multiple":false}
[38;5;0m[HTTP][0m [37m-->[39m [37mGET[39m [37m/session/5e8efee0-2256-49dc-bafb-a3e48f098226/element/00000000-0000-0115-ffff-ffff0000000e/displayed[39m
[38;5;0m[HTTP][0m [90m{}[39m
[debug] [38;5;32m[AndroidUiautomator2Driver@74e5 (5e8efee0)][0m Calling AppiumDriver.elementDisplayed() with args: ["00000000-0000-0115-ffff-ffff0000000e","5e8efee0-2256-49dc-bafb-a3e48f098226"]
[debug] [38;5;32m[AndroidUiautomator2Driver@74e5 (5e8efee0)][0m Got response with status 200: {"sessionId":"2eb14267-9a13-4fc9-912b-21c2a41c31e0","value":{"ELEMENT":"00000000-0000-0115-ffff-ffff00000013","element-6066-11e4-a52e-4f735466cecf":"00000000-0000-0115-ffff-ffff00000013"}}
[debug] [38;5;32m[AndroidUiautomator2Driver@74e5 (5e8efee0)][0m Matched '/element/00000000-0000-0115-ffff-ffff0000000e/attribute/displayed' to command name 'getAttribute'
[debug] [38;5;32m[AndroidUiautomator2Driver@74e5 (5e8efee0)][0m Proxying [GET /element/00000000-0000-0115-ffff-ffff0000000e/attribute/displayed] to [GET http://127.0.0.1:8200/session/2eb14267-9a13-4fc9-912b-21c2a41c31e0/element/00000000-0000-0115-ffff-ffff0000000e/attribute/displayed] with no body
[debug] [38;5;32m[AndroidUiautomator2Driver@74e5 (5e8efee0)][0m Responding to client with driver.findElement() result: {"element-6066-11e4-a52e-4f735466cecf":"00000000-0000-0115-ffff-ffff00000013","ELEMENT":"00000000-0000-0115-ffff-ffff00000013"}
[38;5;0m[HTTP][0m [37m<-- POST /session/5e8efee0-2256-49dc-bafb-a3e48f098226/element [39m[32m200[39m [90m643 ms - 137[39m
[38;5;0m[HTTP][0m [90m[39m
[38;5;0m[HTTP][0m [37m-->[39m [37mPOST[39m [37m/session/5e8efee0-2256-49dc-bafb-a3e48f098226/element/00000000-0000-0115-ffff-ffff00000013/clear[39m
[38;5;0m[HTTP][0m [90m{}[39m
[debug] [38;5;32m[AndroidUiautomator2Driver@74e5 (5e8efee0)][0m Calling AppiumDriver.clear() with args: ["00000000-0000-0115-ffff-ffff00000013","5e8efee0-2256-49dc-bafb-a3e48f098226"]
[debug] [38;5;32m[AndroidUiautomator2Driver@74e5 (5e8efee0)][0m Got response with status 200: {"sessionId":"2eb14267-9a13-4fc9-912b-21c2a41c31e0","value":"true"}
[debug] [38;5;32m[AndroidUiautomator2Driver@74e5 (5e8efee0)][0m Matched '/element/00000000-0000-0115-ffff-ffff00000013/clear' to command name 'clear'
[debug] [38;5;32m[AndroidUiautomator2Driver@74e5 (5e8efee0)][0m Proxying [POST /element/00000000-0000-0115-ffff-ffff00000013/clear] to [POST http://127.0.0.1:8200/session/2eb14267-9a13-4fc9-912b-21c2a41c31e0/element/00000000-0000-0115-ffff-ffff00000013/clear] with body: {"elementId":"00000000-0000-0115-ffff-ffff00000013"}
[debug] [38;5;32m[AndroidUiautomator2Driver@74e5 (5e8efee0)][0m Responding to client with driver.elementDisplayed() result: true
[38;5;0m[HTTP][0m [37m<-- GET /session/5e8efee0-2256-49dc-bafb-a3e48f098226/element/00000000-0000-0115-ffff-ffff0000000e/displayed [39m[32m200[39m [90m680 ms - 14[39m
[38;5;0m[HTTP][0m [90m[39m
[debug] [38;5;32m[AndroidUiautomator2Driver@74e5 (5e8efee0)][0m Got response with status 200: {"sessionId":"2eb14267-9a13-4fc9-912b-21c2a41c31e0","value":null}
[debug] [38;5;32m[AndroidUiautomator2Driver@74e5 (5e8efee0)][0m Responding to client with driver.clear() result: null
[38;5;0m[HTTP][0m [37m<-- POST /session/5e8efee0-2256-49dc-bafb-a3e48f098226/element/00000000-0000-0115-ffff-ffff00000013/clear [39m[32m200[39m [90m96 ms - 14[39m
[38;5;0m[HTTP][0m [90m[39m
[38;5;0m[HTTP][0m [37m-->[39m [37mPOST[39m [37m/session/5e8efee0-2256-49dc-bafb-a3e48f098226/element/00000000-0000-0115-ffff-ffff00000013/value[39m
[38;5;0m[HTTP][0m [90m{"text":"Amar"}[39m
[debug] [38;5;32m[AndroidUiautomator2Driver@74e5 (5e8efee0)][0m Calling AppiumDriver.setValue() with args: ["Amar","00000000-0000-0115-ffff-ffff00000013","5e8efee0-2256-49dc-bafb-a3e48f098226"]
[debug] [38;5;32m[AndroidUiautomator2Driver@74e5 (5e8efee0)][0m Matched '/element/00000000-0000-0115-ffff-ffff00000013/value' to command name 'setValue'
[debug] [38;5;32m[AndroidUiautomator2Driver@74e5 (5e8efee0)][0m Added 'value' property ["A","m","a","r"] to 'setValue' request body
[debug] [38;5;32m[AndroidUiautomator2Driver@74e5 (5e8efee0)][0m Proxying [POST /element/00000000-0000-0115-ffff-ffff00000013/value] to [POST http://127.0.0.1:8200/session/2eb14267-9a13-4fc9-912b-21c2a41c31e0/element/00000000-0000-0115-ffff-ffff00000013/value] with body: {"elementId":"00000000-0000-0115-ffff-ffff00000013","text":"Amar","replace":false,"value":["A","m","a","r"]}
[debug] [38;5;32m[AndroidUiautomator2Driver@74e5 (5e8efee0)][0m Got response with status 200: {"sessionId":"2eb14267-9a13-4fc9-912b-21c2a41c31e0","value":null}
[debug] [38;5;32m[AndroidUiautomator2Driver@74e5 (5e8efee0)][0m Responding to client with driver.setValue() result: null
[38;5;0m[HTTP][0m [37m<-- POST /session/5e8efee0-2256-49dc-bafb-a3e48f098226/element/00000000-0000-0115-ffff-ffff00000013/value [39m[32m200[39m [90m1019 ms - 14[39m
[38;5;0m[HTTP][0m [90m[39m
[38;5;0m[HTTP][0m [37m-->[39m [37mPOST[39m [37m/session/5e8efee0-2256-49dc-bafb-a3e48f098226/element[39m
[38;5;0m[HTTP][0m [90m{"using":"css selector","value":"[id$=\"et_weight\"]"}[39m
[debug] [38;5;32m[AndroidUiautomator2Driver@74e5 (5e8efee0)][0m Calling AppiumDriver.findElement() with args: ["css selector","[id$=\"et_weight\"]","5e8efee0-2256-49dc-bafb-a3e48f098226"]
[debug] [38;5;32m[AndroidUiautomator2Driver@74e5 (5e8efee0)][0m Valid locator strategies for this request: xpath, id, class name, accessibility id, css selector, -android uiautomator
[debug] [38;5;32m[AndroidUiautomator2Driver@74e5 (5e8efee0)][0m Waiting up to 0 ms for condition
[debug] [38;5;32m[AndroidUiautomator2Driver@74e5 (5e8efee0)][0m Matched '/element' to command name 'findElement'
[debug] [38;5;32m[AndroidUiautomator2Driver@74e5 (5e8efee0)][0m Proxying [POST /element] to [POST http://127.0.0.1:8200/session/2eb14267-9a13-4fc9-912b-21c2a41c31e0/element] with body: {"strategy":"-android uiautomator","selector":"new UiSelector().resourceIdMatches(\"com\\.fghilmany\\.dietmealapp:id/et_weight$\")","context":"","multiple":false}
[debug] [38;5;32m[AndroidUiautomator2Driver@74e5 (5e8efee0)][0m Got response with status 200: {"sessionId":"2eb14267-9a13-4fc9-912b-21c2a41c31e0","value":{"ELEMENT":"00000000-0000-0115-ffff-ffff0000001f","element-6066-11e4-a52e-4f735466cecf":"00000000-0000-0115-ffff-ffff0000001f"}}
[debug] [38;5;32m[AndroidUiautomator2Driver@74e5 (5e8efee0)][0m Responding to client with driver.findElement() result: {"element-6066-11e4-a52e-4f735466cecf":"00000000-0000-0115-ffff-ffff0000001f","ELEMENT":"00000000-0000-0115-ffff-ffff0000001f"}
[38;5;0m[HTTP][0m [37m<-- POST /session/5e8efee0-2256-49dc-bafb-a3e48f098226/element [39m[32m200[39m [90m552 ms - 137[39m
[38;5;0m[HTTP][0m [90m[39m
[38;5;0m[HTTP][0m [37m-->[39m [37mPOST[39m [37m/session/5e8efee0-2256-49dc-bafb-a3e48f098226/element/00000000-0000-0115-ffff-ffff0000001f/click[39m
[38;5;0m[HTTP][0m [90m{}[39m
[debug] [38;5;32m[AndroidUiautomator2Driver@74e5 (5e8efee0)][0m Calling AppiumDriver.click() with args: ["00000000-0000-0115-ffff-ffff0000001f","5e8efee0-2256-49dc-bafb-a3e48f098226"]
[debug] [38;5;32m[AndroidUiautomator2Driver@74e5 (5e8efee0)][0m Matched '/element/00000000-0000-0115-ffff-ffff0000001f/click' to command name 'click'
[debug] [38;5;32m[AndroidUiautomator2Driver@74e5 (5e8efee0)][0m Proxying [POST /element/00000000-0000-0115-ffff-ffff0000001f/click] to [POST http://127.0.0.1:8200/session/2eb14267-9a13-4fc9-912b-21c2a41c31e0/element/00000000-0000-0115-ffff-ffff0000001f/click] with body: {"element":"00000000-0000-0115-ffff-ffff0000001f"}
[debug] [38;5;32m[AndroidUiautomator2Driver@74e5 (5e8efee0)][0m Got response with status 200: {"sessionId":"2eb14267-9a13-4fc9-912b-21c2a41c31e0","value":null}
[debug] [38;5;32m[AndroidUiautomator2Driver@74e5 (5e8efee0)][0m Responding to client with driver.click() result: null
[38;5;0m[HTTP][0m [37m<-- POST /session/5e8efee0-2256-49dc-bafb-a3e48f098226/element/00000000-0000-0115-ffff-ffff0000001f/click [39m[32m200[39m [90m105 ms - 14[39m
[38;5;0m[HTTP][0m [90m[39m
[38;5;0m[HTTP][0m [37m-->[39m [37mPOST[39m [37m/session/5e8efee0-2256-49dc-bafb-a3e48f098226/element[39m
[38;5;0m[HTTP][0m [90m{"using":"css selector","value":"[id$=\"et_weight\"]"}[39m
[debug] [38;5;32m[AndroidUiautomator2Driver@74e5 (5e8efee0)][0m Calling AppiumDriver.findElement() with args: ["css selector","[id$=\"et_weight\"]","5e8efee0-2256-49dc-bafb-a3e48f098226"]
[debug] [38;5;32m[AndroidUiautomator2Driver@74e5 (5e8efee0)][0m Valid locator strategies for this request: xpath, id, class name, accessibility id, css selector, -android uiautomator
[debug] [38;5;32m[AndroidUiautomator2Driver@74e5 (5e8efee0)][0m Waiting up to 0 ms for condition
[debug] [38;5;32m[AndroidUiautomator2Driver@74e5 (5e8efee0)][0m Matched '/element' to command name 'findElement'
[debug] [38;5;32m[AndroidUiautomator2Driver@74e5 (5e8efee0)][0m Proxying [POST /element] to [POST http://127.0.0.1:8200/session/2eb14267-9a13-4fc9-912b-21c2a41c31e0/element] with body: {"strategy":"-android uiautomator","selector":"new UiSelector().resourceIdMatches(\"com\\.fghilmany\\.dietmealapp:id/et_weight$\")","context":"","multiple":false}
[debug] [38;5;32m[AndroidUiautomator2Driver@74e5 (5e8efee0)][0m Got response with status 200: {"sessionId":"2eb14267-9a13-4fc9-912b-21c2a41c31e0","value":{"ELEMENT":"00000000-0000-0115-ffff-ffff0000001f","element-6066-11e4-a52e-4f735466cecf":"00000000-0000-0115-ffff-ffff0000001f"}}
[debug] [38;5;32m[AndroidUiautomator2Driver@74e5 (5e8efee0)][0m Responding to client with driver.findElement() result: {"element-6066-11e4-a52e-4f735466cecf":"00000000-0000-0115-ffff-ffff0000001f","ELEMENT":"00000000-0000-0115-ffff-ffff0000001f"}
[38;5;0m[HTTP][0m [37m<-- POST /session/5e8efee0-2256-49dc-bafb-a3e48f098226/element [39m[32m200[39m [90m1432 ms - 137[39m
[38;5;0m[HTTP][0m [90m[39m
[38;5;0m[HTTP][0m [37m-->[39m [37mPOST[39m [37m/session/5e8efee0-2256-49dc-bafb-a3e48f098226/element/00000000-0000-0115-ffff-ffff0000001f/clear[39m
[38;5;0m[HTTP][0m [90m{}[39m
[debug] [38;5;32m[AndroidUiautomator2Driver@74e5 (5e8efee0)][0m Calling AppiumDriver.clear() with args: ["00000000-0000-0115-ffff-ffff0000001f","5e8efee0-2256-49dc-bafb-a3e48f098226"]
[debug] [38;5;32m[AndroidUiautomator2Driver@74e5 (5e8efee0)][0m Matched '/element/00000000-0000-0115-ffff-ffff0000001f/clear' to command name 'clear'
[debug] [38;5;32m[AndroidUiautomator2Driver@74e5 (5e8efee0)][0m Proxying [POST /element/00000000-0000-0115-ffff-ffff0000001f/clear] to [POST http://127.0.0.1:8200/session/2eb14267-9a13-4fc9-912b-21c2a41c31e0/element/00000000-0000-0115-ffff-ffff0000001f/clear] with body: {"elementId":"00000000-0000-0115-ffff-ffff0000001f"}
[debug] [38;5;32m[AndroidUiautomator2Driver@74e5 (5e8efee0)][0m Got response with status 200: {"sessionId":"2eb14267-9a13-4fc9-912b-21c2a41c31e0","value":null}
[debug] [38;5;32m[AndroidUiautomator2Driver@74e5 (5e8efee0)][0m Responding to client with driver.clear() result: null
[38;5;0m[HTTP][0m [37m<-- POST /session/5e8efee0-2256-49dc-bafb-a3e48f098226/element/00000000-0000-0115-ffff-ffff0000001f/clear [39m[32m200[39m [90m54 ms - 14[39m
[38;5;0m[HTTP][0m [90m[39m
[38;5;0m[HTTP][0m [37m-->[39m [37mPOST[39m [37m/session/5e8efee0-2256-49dc-bafb-a3e48f098226/element/00000000-0000-0115-ffff-ffff0000001f/value[39m
[38;5;0m[HTTP][0m [90m{"text":"55"}[39m
[debug] [38;5;32m[AndroidUiautomator2Driver@74e5 (5e8efee0)][0m Calling AppiumDriver.setValue() with args: ["55","00000000-0000-0115-ffff-ffff0000001f","5e8efee0-2256-49dc-bafb-a3e48f098226"]
[debug] [38;5;32m[AndroidUiautomator2Driver@74e5 (5e8efee0)][0m Matched '/element/00000000-0000-0115-ffff-ffff0000001f/value' to command name 'setValue'
[debug] [38;5;32m[AndroidUiautomator2Driver@74e5 (5e8efee0)][0m Added 'value' property ["5","5"] to 'setValue' request body
[debug] [38;5;32m[AndroidUiautomator2Driver@74e5 (5e8efee0)][0m Proxying [POST /element/00000000-0000-0115-ffff-ffff0000001f/value] to [POST http://127.0.0.1:8200/session/2eb14267-9a13-4fc9-912b-21c2a41c31e0/element/00000000-0000-0115-ffff-ffff0000001f/value] with body: {"elementId":"00000000-0000-0115-ffff-ffff0000001f","text":"55","replace":false,"value":["5","5"]}
[debug] [38;5;32m[AndroidUiautomator2Driver@74e5 (5e8efee0)][0m Got response with status 200: {"sessionId":"2eb14267-9a13-4fc9-912b-21c2a41c31e0","value":null}
[debug] [38;5;32m[AndroidUiautomator2Driver@74e5 (5e8efee0)][0m Responding to client with driver.setValue() result: null
[38;5;0m[HTTP][0m [37m<-- POST /session/5e8efee0-2256-49dc-bafb-a3e48f098226/element/00000000-0000-0115-ffff-ffff0000001f/value [39m[32m200[39m [90m1092 ms - 14[39m
[38;5;0m[HTTP][0m [90m[39m
[38;5;0m[HTTP][0m [37m-->[39m [37mPOST[39m [37m/session/5e8efee0-2256-49dc-bafb-a3e48f098226/appium/device/hide_keyboard[39m
[38;5;0m[HTTP][0m [90m{}[39m
[debug] [38;5;32m[AndroidUiautomator2Driver@74e5 (5e8efee0)][0m Calling AppiumDriver.hideKeyboard() with args: [null,null,null,null,"5e8efee0-2256-49dc-bafb-a3e48f098226"]
[debug] [38;5;64m[ADB][0m Running 'C:\Users\bnmo\AppData\Local\Android\Sdk\platform-tools\adb.exe -P 5037 -s JZ69FQXKBY9DDYZD shell dumpsys input_method'
[debug] [38;5;64m[ADB][0m Running 'C:\Users\bnmo\AppData\Local\Android\Sdk\platform-tools\adb.exe -P 5037 -s JZ69FQXKBY9DDYZD shell input keyevent 111'
[debug] [38;5;64m[ADB][0m Running 'C:\Users\bnmo\AppData\Local\Android\Sdk\platform-tools\adb.exe -P 5037 -s JZ69FQXKBY9DDYZD shell dumpsys input_method'
[debug] [38;5;64m[ADB][0m Running 'C:\Users\bnmo\AppData\Local\Android\Sdk\platform-tools\adb.exe -P 5037 -s JZ69FQXKBY9DDYZD shell dumpsys input_method'
[debug] [38;5;64m[ADB][0m Running 'C:\Users\bnmo\AppData\Local\Android\Sdk\platform-tools\adb.exe -P 5037 -s JZ69FQXKBY9DDYZD shell dumpsys input_method'
[debug] [38;5;64m[ADB][0m Running 'C:\Users\bnmo\AppData\Local\Android\Sdk\platform-tools\adb.exe -P 5037 -s JZ69FQXKBY9DDYZD shell input keyevent 4'
[debug] [38;5;64m[ADB][0m Running 'C:\Users\bnmo\AppData\Local\Android\Sdk\platform-tools\adb.exe -P 5037 -s JZ69FQXKBY9DDYZD shell dumpsys input_method'
[debug] [38;5;32m[AndroidUiautomator2Driver@74e5 (5e8efee0)][0m Responding to client with driver.hideKeyboard() result: true
[38;5;0m[HTTP][0m [37m<-- POST /session/5e8efee0-2256-49dc-bafb-a3e48f098226/appium/device/hide_keyboard [39m[32m200[39m [90m1900 ms - 14[39m
[38;5;0m[HTTP][0m [90m[39m
[38;5;0m[HTTP][0m [37m-->[39m [37mPOST[39m [37m/session/5e8efee0-2256-49dc-bafb-a3e48f098226/element[39m
[38;5;0m[HTTP][0m [90m{"using":"css selector","value":"[id$=\"et_height\"]"}[39m
[debug] [38;5;32m[AndroidUiautomator2Driver@74e5 (5e8efee0)][0m Calling AppiumDriver.findElement() with args: ["css selector","[id$=\"et_height\"]","5e8efee0-2256-49dc-bafb-a3e48f098226"]
[debug] [38;5;32m[AndroidUiautomator2Driver@74e5 (5e8efee0)][0m Valid locator strategies for this request: xpath, id, class name, accessibility id, css selector, -android uiautomator
[debug] [38;5;32m[AndroidUiautomator2Driver@74e5 (5e8efee0)][0m Waiting up to 0 ms for condition
[debug] [38;5;32m[AndroidUiautomator2Driver@74e5 (5e8efee0)][0m Matched '/element' to command name 'findElement'
[debug] [38;5;32m[AndroidUiautomator2Driver@74e5 (5e8efee0)][0m Proxying [POST /element] to [POST http://127.0.0.1:8200/session/2eb14267-9a13-4fc9-912b-21c2a41c31e0/element] with body: {"strategy":"-android uiautomator","selector":"new UiSelector().resourceIdMatches(\"com\\.fghilmany\\.dietmealapp:id/et_height$\")","context":"","multiple":false}
[debug] [38;5;32m[AndroidUiautomator2Driver@74e5 (5e8efee0)][0m Got response with status 200: {"sessionId":"2eb14267-9a13-4fc9-912b-21c2a41c31e0","value":{"ELEMENT":"00000000-0000-0115-ffff-ffff0000002b","element-6066-11e4-a52e-4f735466cecf":"00000000-0000-0115-ffff-ffff0000002b"}}
[debug] [38;5;32m[AndroidUiautomator2Driver@74e5 (5e8efee0)][0m Responding to client with driver.findElement() result: {"element-6066-11e4-a52e-4f735466cecf":"00000000-0000-0115-ffff-ffff0000002b","ELEMENT":"00000000-0000-0115-ffff-ffff0000002b"}
[38;5;0m[HTTP][0m [37m<-- POST /session/5e8efee0-2256-49dc-bafb-a3e48f098226/element [39m[32m200[39m [90m936 ms - 137[39m
[38;5;0m[HTTP][0m [90m[39m
[38;5;0m[HTTP][0m [37m-->[39m [37mPOST[39m [37m/session/5e8efee0-2256-49dc-bafb-a3e48f098226/element/00000000-0000-0115-ffff-ffff0000002b/click[39m
[38;5;0m[HTTP][0m [90m{}[39m
[debug] [38;5;32m[AndroidUiautomator2Driver@74e5 (5e8efee0)][0m Calling AppiumDriver.click() with args: ["00000000-0000-0115-ffff-ffff0000002b","5e8efee0-2256-49dc-bafb-a3e48f098226"]
[debug] [38;5;32m[AndroidUiautomator2Driver@74e5 (5e8efee0)][0m Matched '/element/00000000-0000-0115-ffff-ffff0000002b/click' to command name 'click'
[debug] [38;5;32m[AndroidUiautomator2Driver@74e5 (5e8efee0)][0m Proxying [POST /element/00000000-0000-0115-ffff-ffff0000002b/click] to [POST http://127.0.0.1:8200/session/2eb14267-9a13-4fc9-912b-21c2a41c31e0/element/00000000-0000-0115-ffff-ffff0000002b/click] with body: {"element":"00000000-0000-0115-ffff-ffff0000002b"}
[debug] [38;5;32m[AndroidUiautomator2Driver@74e5 (5e8efee0)][0m Got response with status 200: {"sessionId":"2eb14267-9a13-4fc9-912b-21c2a41c31e0","value":null}
[debug] [38;5;32m[AndroidUiautomator2Driver@74e5 (5e8efee0)][0m Responding to client with driver.click() result: null
[38;5;0m[HTTP][0m [37m<-- POST /session/5e8efee0-2256-49dc-bafb-a3e48f098226/element/00000000-0000-0115-ffff-ffff0000002b/click [39m[32m200[39m [90m1009 ms - 14[39m
[38;5;0m[HTTP][0m [90m[39m
[38;5;0m[HTTP][0m [37m-->[39m [37mPOST[39m [37m/session/5e8efee0-2256-49dc-bafb-a3e48f098226/element[39m
[38;5;0m[HTTP][0m [90m{"using":"css selector","value":"[id$=\"et_height\"]"}[39m
[debug] [38;5;32m[AndroidUiautomator2Driver@74e5 (5e8efee0)][0m Calling AppiumDriver.findElement() with args: ["css selector","[id$=\"et_height\"]","5e8efee0-2256-49dc-bafb-a3e48f098226"]
[debug] [38;5;32m[AndroidUiautomator2Driver@74e5 (5e8efee0)][0m Valid locator strategies for this request: xpath, id, class name, accessibility id, css selector, -android uiautomator
[debug] [38;5;32m[AndroidUiautomator2Driver@74e5 (5e8efee0)][0m Waiting up to 0 ms for condition
[debug] [38;5;32m[AndroidUiautomator2Driver@74e5 (5e8efee0)][0m Matched '/element' to command name 'findElement'
[debug] [38;5;32m[AndroidUiautomator2Driver@74e5 (5e8efee0)][0m Proxying [POST /element] to [POST http://127.0.0.1:8200/session/2eb14267-9a13-4fc9-912b-21c2a41c31e0/element] with body: {"strategy":"-android uiautomator","selector":"new UiSelector().resourceIdMatches(\"com\\.fghilmany\\.dietmealapp:id/et_height$\")","context":"","multiple":false}
[debug] [38;5;32m[AndroidUiautomator2Driver@74e5 (5e8efee0)][0m Got response with status 200: {"sessionId":"2eb14267-9a13-4fc9-912b-21c2a41c31e0","value":{"ELEMENT":"00000000-0000-0115-ffff-ffff0000002b","element-6066-11e4-a52e-4f735466cecf":"00000000-0000-0115-ffff-ffff0000002b"}}
[debug] [38;5;32m[AndroidUiautomator2Driver@74e5 (5e8efee0)][0m Responding to client with driver.findElement() result: {"element-6066-11e4-a52e-4f735466cecf":"00000000-0000-0115-ffff-ffff0000002b","ELEMENT":"00000000-0000-0115-ffff-ffff0000002b"}
[38;5;0m[HTTP][0m [37m<-- POST /session/5e8efee0-2256-49dc-bafb-a3e48f098226/element [39m[32m200[39m [90m111 ms - 137[39m
[38;5;0m[HTTP][0m [90m[39m
[38;5;0m[HTTP][0m [37m-->[39m [37mPOST[39m [37m/session/5e8efee0-2256-49dc-bafb-a3e48f098226/element/00000000-0000-0115-ffff-ffff0000002b/clear[39m
[38;5;0m[HTTP][0m [90m{}[39m
[debug] [38;5;32m[AndroidUiautomator2Driver@74e5 (5e8efee0)][0m Calling AppiumDriver.clear() with args: ["00000000-0000-0115-ffff-ffff0000002b","5e8efee0-2256-49dc-bafb-a3e48f098226"]
[debug] [38;5;32m[AndroidUiautomator2Driver@74e5 (5e8efee0)][0m Matched '/element/00000000-0000-0115-ffff-ffff0000002b/clear' to command name 'clear'
[debug] [38;5;32m[AndroidUiautomator2Driver@74e5 (5e8efee0)][0m Proxying [POST /element/00000000-0000-0115-ffff-ffff0000002b/clear] to [POST http://127.0.0.1:8200/session/2eb14267-9a13-4fc9-912b-21c2a41c31e0/element/00000000-0000-0115-ffff-ffff0000002b/clear] with body: {"elementId":"00000000-0000-0115-ffff-ffff0000002b"}
[debug] [38;5;32m[AndroidUiautomator2Driver@74e5 (5e8efee0)][0m Got response with status 200: {"sessionId":"2eb14267-9a13-4fc9-912b-21c2a41c31e0","value":null}
[debug] [38;5;32m[AndroidUiautomator2Driver@74e5 (5e8efee0)][0m Responding to client with driver.clear() result: null
[38;5;0m[HTTP][0m [37m<-- POST /session/5e8efee0-2256-49dc-bafb-a3e48f098226/element/00000000-0000-0115-ffff-ffff0000002b/clear [39m[32m200[39m [90m60 ms - 14[39m
[38;5;0m[HTTP][0m [90m[39m
[38;5;0m[HTTP][0m [37m-->[39m [37mPOST[39m [37m/session/5e8efee0-2256-49dc-bafb-a3e48f098226/element/00000000-0000-0115-ffff-ffff0000002b/value[39m
[38;5;0m[HTTP][0m [90m{"text":"169"}[39m
[debug] [38;5;32m[AndroidUiautomator2Driver@74e5 (5e8efee0)][0m Calling AppiumDriver.setValue() with args: ["169","00000000-0000-0115-ffff-ffff0000002b","5e8efee0-2256-49dc-bafb-a3e48f098226"]
[debug] [38;5;32m[AndroidUiautomator2Driver@74e5 (5e8efee0)][0m Matched '/element/00000000-0000-0115-ffff-ffff0000002b/value' to command name 'setValue'
[debug] [38;5;32m[AndroidUiautomator2Driver@74e5 (5e8efee0)][0m Added 'value' property ["1","6","9"] to 'setValue' request body
[debug] [38;5;32m[AndroidUiautomator2Driver@74e5 (5e8efee0)][0m Proxying [POST /element/00000000-0000-0115-ffff-ffff0000002b/value] to [POST http://127.0.0.1:8200/session/2eb14267-9a13-4fc9-912b-21c2a41c31e0/element/00000000-0000-0115-ffff-ffff0000002b/value] with body: {"elementId":"00000000-0000-0115-ffff-ffff0000002b","text":"169","replace":false,"value":["1","6","9"]}
[debug] [38;5;32m[AndroidUiautomator2Driver@74e5 (5e8efee0)][0m Got response with status 200: {"sessionId":"2eb14267-9a13-4fc9-912b-21c2a41c31e0","value":null}
[debug] [38;5;32m[AndroidUiautomator2Driver@74e5 (5e8efee0)][0m Responding to client with driver.setValue() result: null
[38;5;0m[HTTP][0m [37m<-- POST /session/5e8efee0-2256-49dc-bafb-a3e48f098226/element/00000000-0000-0115-ffff-ffff0000002b/value [39m[32m200[39m [90m1053 ms - 14[39m
[38;5;0m[HTTP][0m [90m[39m
[38;5;0m[HTTP][0m [37m-->[39m [37mPOST[39m [37m/session/5e8efee0-2256-49dc-bafb-a3e48f098226/appium/device/hide_keyboard[39m
[38;5;0m[HTTP][0m [90m{}[39m
[debug] [38;5;32m[AndroidUiautomator2Driver@74e5 (5e8efee0)][0m Calling AppiumDriver.hideKeyboard() with args: [null,null,null,null,"5e8efee0-2256-49dc-bafb-a3e48f098226"]
[debug] [38;5;64m[ADB][0m Running 'C:\Users\bnmo\AppData\Local\Android\Sdk\platform-tools\adb.exe -P 5037 -s JZ69FQXKBY9DDYZD shell dumpsys input_method'
[debug] [38;5;64m[ADB][0m Running 'C:\Users\bnmo\AppData\Local\Android\Sdk\platform-tools\adb.exe -P 5037 -s JZ69FQXKBY9DDYZD shell input keyevent 111'
[debug] [38;5;64m[ADB][0m Running 'C:\Users\bnmo\AppData\Local\Android\Sdk\platform-tools\adb.exe -P 5037 -s JZ69FQXKBY9DDYZD shell dumpsys input_method'
[debug] [38;5;64m[ADB][0m Running 'C:\Users\bnmo\AppData\Local\Android\Sdk\platform-tools\adb.exe -P 5037 -s JZ69FQXKBY9DDYZD shell dumpsys input_method'
[debug] [38;5;64m[ADB][0m Running 'C:\Users\bnmo\AppData\Local\Android\Sdk\platform-tools\adb.exe -P 5037 -s JZ69FQXKBY9DDYZD shell dumpsys input_method'
[debug] [38;5;64m[ADB][0m Running 'C:\Users\bnmo\AppData\Local\Android\Sdk\platform-tools\adb.exe -P 5037 -s JZ69FQXKBY9DDYZD shell input keyevent 4'
[debug] [38;5;64m[ADB][0m Running 'C:\Users\bnmo\AppData\Local\Android\Sdk\platform-tools\adb.exe -P 5037 -s JZ69FQXKBY9DDYZD shell dumpsys input_method'
[debug] [38;5;32m[AndroidUiautomator2Driver@74e5 (5e8efee0)][0m Responding to client with driver.hideKeyboard() result: true
[38;5;0m[HTTP][0m [37m<-- POST /session/5e8efee0-2256-49dc-bafb-a3e48f098226/appium/device/hide_keyboard [39m[32m200[39m [90m2406 ms - 14[39m
[38;5;0m[HTTP][0m [90m[39m
[38;5;0m[HTTP][0m [37m-->[39m [37mPOST[39m [37m/session/5e8efee0-2256-49dc-bafb-a3e48f098226/element[39m
[38;5;0m[HTTP][0m [90m{"using":"css selector","value":"[id$=\"rb_male\"]"}[39m
[debug] [38;5;32m[AndroidUiautomator2Driver@74e5 (5e8efee0)][0m Calling AppiumDriver.findElement() with args: ["css selector","[id$=\"rb_male\"]","5e8efee0-2256-49dc-bafb-a3e48f098226"]
[debug] [38;5;32m[AndroidUiautomator2Driver@74e5 (5e8efee0)][0m Valid locator strategies for this request: xpath, id, class name, accessibility id, css selector, -android uiautomator
[debug] [38;5;32m[AndroidUiautomator2Driver@74e5 (5e8efee0)][0m Waiting up to 0 ms for condition
[debug] [38;5;32m[AndroidUiautomator2Driver@74e5 (5e8efee0)][0m Matched '/element' to command name 'findElement'
[debug] [38;5;32m[AndroidUiautomator2Driver@74e5 (5e8efee0)][0m Proxying [POST /element] to [POST http://127.0.0.1:8200/session/2eb14267-9a13-4fc9-912b-21c2a41c31e0/element] with body: {"strategy":"-android uiautomator","selector":"new UiSelector().resourceIdMatches(\"com\\.fghilmany\\.dietmealapp:id/rb_male$\")","context":"","multiple":false}
[debug] [38;5;32m[AndroidUiautomator2Driver@74e5 (5e8efee0)][0m Got response with status 200: {"sessionId":"2eb14267-9a13-4fc9-912b-21c2a41c31e0","value":{"ELEMENT":"00000000-0000-0115-ffff-ffff00000036","element-6066-11e4-a52e-4f735466cecf":"00000000-0000-0115-ffff-ffff00000036"}}
[debug] [38;5;32m[AndroidUiautomator2Driver@74e5 (5e8efee0)][0m Responding to client with driver.findElement() result: {"element-6066-11e4-a52e-4f735466cecf":"00000000-0000-0115-ffff-ffff00000036","ELEMENT":"00000000-0000-0115-ffff-ffff00000036"}
[38;5;0m[HTTP][0m [37m<-- POST /session/5e8efee0-2256-49dc-bafb-a3e48f098226/element [39m[32m200[39m [90m533 ms - 137[39m
[38;5;0m[HTTP][0m [90m[39m
[38;5;0m[HTTP][0m [37m-->[39m [37mPOST[39m [37m/session/5e8efee0-2256-49dc-bafb-a3e48f098226/element/00000000-0000-0115-ffff-ffff00000036/click[39m
[38;5;0m[HTTP][0m [90m{}[39m
[debug] [38;5;32m[AndroidUiautomator2Driver@74e5 (5e8efee0)][0m Calling AppiumDriver.click() with args: ["00000000-0000-0115-ffff-ffff00000036","5e8efee0-2256-49dc-bafb-a3e48f098226"]
[debug] [38;5;32m[AndroidUiautomator2Driver@74e5 (5e8efee0)][0m Matched '/element/00000000-0000-0115-ffff-ffff00000036/click' to command name 'click'
[debug] [38;5;32m[AndroidUiautomator2Driver@74e5 (5e8efee0)][0m Proxying [POST /element/00000000-0000-0115-ffff-ffff00000036/click] to [POST http://127.0.0.1:8200/session/2eb14267-9a13-4fc9-912b-21c2a41c31e0/element/00000000-0000-0115-ffff-ffff00000036/click] with body: {"element":"00000000-0000-0115-ffff-ffff00000036"}
[debug] [38;5;32m[AndroidUiautomator2Driver@74e5 (5e8efee0)][0m Got response with status 200: {"sessionId":"2eb14267-9a13-4fc9-912b-21c2a41c31e0","value":null}
[debug] [38;5;32m[AndroidUiautomator2Driver@74e5 (5e8efee0)][0m Responding to client with driver.click() result: null
[38;5;0m[HTTP][0m [37m<-- POST /session/5e8efee0-2256-49dc-bafb-a3e48f098226/element/00000000-0000-0115-ffff-ffff00000036/click [39m[32m200[39m [90m72 ms - 14[39m
[38;5;0m[HTTP][0m [90m[39m
[38;5;0m[HTTP][0m [37m-->[39m [37mPOST[39m [37m/session/5e8efee0-2256-49dc-bafb-a3e48f098226/element[39m
[38;5;0m[HTTP][0m [90m{"using":"css selector","value":"[id$=\"bt_next\"]"}[39m
[debug] [38;5;32m[AndroidUiautomator2Driver@74e5 (5e8efee0)][0m Calling AppiumDriver.findElement() with args: ["css selector","[id$=\"bt_next\"]","5e8efee0-2256-49dc-bafb-a3e48f098226"]
[debug] [38;5;32m[AndroidUiautomator2Driver@74e5 (5e8efee0)][0m Valid locator strategies for this request: xpath, id, class name, accessibility id, css selector, -android uiautomator
[debug] [38;5;32m[AndroidUiautomator2Driver@74e5 (5e8efee0)][0m Waiting up to 0 ms for condition
[debug] [38;5;32m[AndroidUiautomator2Driver@74e5 (5e8efee0)][0m Matched '/element' to command name 'findElement'
[debug] [38;5;32m[AndroidUiautomator2Driver@74e5 (5e8efee0)][0m Proxying [POST /element] to [POST http://127.0.0.1:8200/session/2eb14267-9a13-4fc9-912b-21c2a41c31e0/element] with body: {"strategy":"-android uiautomator","selector":"new UiSelector().resourceIdMatches(\"com\\.fghilmany\\.dietmealapp:id/bt_next$\")","context":"","multiple":false}
[debug] [38;5;32m[AndroidUiautomator2Driver@74e5 (5e8efee0)][0m Got response with status 200: {"sessionId":"2eb14267-9a13-4fc9-912b-21c2a41c31e0","value":{"ELEMENT":"00000000-0000-0115-ffff-ffff00000038","element-6066-11e4-a52e-4f735466cecf":"00000000-0000-0115-ffff-ffff00000038"}}
[debug] [38;5;32m[AndroidUiautomator2Driver@74e5 (5e8efee0)][0m Responding to client with driver.findElement() result: {"element-6066-11e4-a52e-4f735466cecf":"00000000-0000-0115-ffff-ffff00000038","ELEMENT":"00000000-0000-0115-ffff-ffff00000038"}
[38;5;0m[HTTP][0m [37m<-- POST /session/5e8efee0-2256-49dc-bafb-a3e48f098226/element [39m[32m200[39m [90m763 ms - 137[39m
[38;5;0m[HTTP][0m [90m[39m
[38;5;0m[HTTP][0m [37m-->[39m [37mPOST[39m [37m/session/5e8efee0-2256-49dc-bafb-a3e48f098226/element/00000000-0000-0115-ffff-ffff00000038/click[39m
[38;5;0m[HTTP][0m [90m{}[39m
[debug] [38;5;32m[AndroidUiautomator2Driver@74e5 (5e8efee0)][0m Calling AppiumDriver.click() with args: ["00000000-0000-0115-ffff-ffff00000038","5e8efee0-2256-49dc-bafb-a3e48f098226"]
[debug] [38;5;32m[AndroidUiautomator2Driver@74e5 (5e8efee0)][0m Matched '/element/00000000-0000-0115-ffff-ffff00000038/click' to command name 'click'
[debug] [38;5;32m[AndroidUiautomator2Driver@74e5 (5e8efee0)][0m Proxying [POST /element/00000000-0000-0115-ffff-ffff00000038/click] to [POST http://127.0.0.1:8200/session/2eb14267-9a13-4fc9-912b-21c2a41c31e0/element/00000000-0000-0115-ffff-ffff00000038/click] with body: {"element":"00000000-0000-0115-ffff-ffff00000038"}
[debug] [38;5;32m[AndroidUiautomator2Driver@74e5 (5e8efee0)][0m Got response with status 200: {"sessionId":"2eb14267-9a13-4fc9-912b-21c2a41c31e0","value":null}
[debug] [38;5;32m[AndroidUiautomator2Driver@74e5 (5e8efee0)][0m Responding to client with driver.click() result: null
[38;5;0m[HTTP][0m [37m<-- POST /session/5e8efee0-2256-49dc-bafb-a3e48f098226/element/00000000-0000-0115-ffff-ffff00000038/click [39m[32m200[39m [90m107 ms - 14[39m
[38;5;0m[HTTP][0m [90m[39m
[38;5;0m[HTTP][0m [37m-->[39m [37mPOST[39m [37m/session/5e8efee0-2256-49dc-bafb-a3e48f098226/element[39m
[38;5;0m[HTTP][0m [90m{"using":"css selector","value":"[id$=\"rb_rest\"]"}[39m
[debug] [38;5;32m[AndroidUiautomator2Driver@74e5 (5e8efee0)][0m Calling AppiumDriver.findElement() with args: ["css selector","[id$=\"rb_rest\"]","5e8efee0-2256-49dc-bafb-a3e48f098226"]
[debug] [38;5;32m[AndroidUiautomator2Driver@74e5 (5e8efee0)][0m Valid locator strategies for this request: xpath, id, class name, accessibility id, css selector, -android uiautomator
[debug] [38;5;32m[AndroidUiautomator2Driver@74e5 (5e8efee0)][0m Waiting up to 0 ms for condition
[debug] [38;5;32m[AndroidUiautomator2Driver@74e5 (5e8efee0)][0m Matched '/element' to command name 'findElement'
[debug] [38;5;32m[AndroidUiautomator2Driver@74e5 (5e8efee0)][0m Proxying [POST /element] to [POST http://127.0.0.1:8200/session/2eb14267-9a13-4fc9-912b-21c2a41c31e0/element] with body: {"strategy":"-android uiautomator","selector":"new UiSelector().resourceIdMatches(\"com\\.fghilmany\\.dietmealapp:id/rb_rest$\")","context":"","multiple":false}
[debug] [38;5;32m[AndroidUiautomator2Driver@74e5 (5e8efee0)][0m Got response with status 200: {"sessionId":"2eb14267-9a13-4fc9-912b-21c2a41c31e0","value":{"ELEMENT":"00000000-0000-0115-ffff-ffff0000003d","element-6066-11e4-a52e-4f735466cecf":"00000000-0000-0115-ffff-ffff0000003d"}}
[debug] [38;5;32m[AndroidUiautomator2Driver@74e5 (5e8efee0)][0m Responding to client with driver.findElement() result: {"element-6066-11e4-a52e-4f735466cecf":"00000000-0000-0115-ffff-ffff0000003d","ELEMENT":"00000000-0000-0115-ffff-ffff0000003d"}
[38;5;0m[HTTP][0m [37m<-- POST /session/5e8efee0-2256-49dc-bafb-a3e48f098226/element [39m[32m200[39m [90m664 ms - 137[39m
[38;5;0m[HTTP][0m [90m[39m
[38;5;0m[HTTP][0m [37m-->[39m [37mPOST[39m [37m/session/5e8efee0-2256-49dc-bafb-a3e48f098226/element/00000000-0000-0115-ffff-ffff0000003d/click[39m
[38;5;0m[HTTP][0m [90m{}[39m
[debug] [38;5;32m[AndroidUiautomator2Driver@74e5 (5e8efee0)][0m Calling AppiumDriver.click() with args: ["00000000-0000-0115-ffff-ffff0000003d","5e8efee0-2256-49dc-bafb-a3e48f098226"]
[debug] [38;5;32m[AndroidUiautomator2Driver@74e5 (5e8efee0)][0m Matched '/element/00000000-0000-0115-ffff-ffff0000003d/click' to command name 'click'
[debug] [38;5;32m[AndroidUiautomator2Driver@74e5 (5e8efee0)][0m Proxying [POST /element/00000000-0000-0115-ffff-ffff0000003d/click] to [POST http://127.0.0.1:8200/session/2eb14267-9a13-4fc9-912b-21c2a41c31e0/element/00000000-0000-0115-ffff-ffff0000003d/click] with body: {"element":"00000000-0000-0115-ffff-ffff0000003d"}
[debug] [38;5;32m[AndroidUiautomator2Driver@74e5 (5e8efee0)][0m Got response with status 200: {"sessionId":"2eb14267-9a13-4fc9-912b-21c2a41c31e0","value":null}
[debug] [38;5;32m[AndroidUiautomator2Driver@74e5 (5e8efee0)][0m Responding to client with driver.click() result: null
[38;5;0m[HTTP][0m [37m<-- POST /session/5e8efee0-2256-49dc-bafb-a3e48f098226/element/00000000-0000-0115-ffff-ffff0000003d/click [39m[32m200[39m [90m66 ms - 14[39m
[38;5;0m[HTTP][0m [90m[39m
[38;5;0m[HTTP][0m [37m-->[39m [37mPOST[39m [37m/session/5e8efee0-2256-49dc-bafb-a3e48f098226/element[39m
[38;5;0m[HTTP][0m [90m{"using":"css selector","value":"[id$=\"bt_finish\"]"}[39m
[debug] [38;5;32m[AndroidUiautomator2Driver@74e5 (5e8efee0)][0m Calling AppiumDriver.findElement() with args: ["css selector","[id$=\"bt_finish\"]","5e8efee0-2256-49dc-bafb-a3e48f098226"]
[debug] [38;5;32m[AndroidUiautomator2Driver@74e5 (5e8efee0)][0m Valid locator strategies for this request: xpath, id, class name, accessibility id, css selector, -android uiautomator
[debug] [38;5;32m[AndroidUiautomator2Driver@74e5 (5e8efee0)][0m Waiting up to 0 ms for condition
[debug] [38;5;32m[AndroidUiautomator2Driver@74e5 (5e8efee0)][0m Matched '/element' to command name 'findElement'
[debug] [38;5;32m[AndroidUiautomator2Driver@74e5 (5e8efee0)][0m Proxying [POST /element] to [POST http://127.0.0.1:8200/session/2eb14267-9a13-4fc9-912b-21c2a41c31e0/element] with body: {"strategy":"-android uiautomator","selector":"new UiSelector().resourceIdMatches(\"com\\.fghilmany\\.dietmealapp:id/bt_finish$\")","context":"","multiple":false}
[debug] [38;5;32m[AndroidUiautomator2Driver@74e5 (5e8efee0)][0m Got response with status 200: {"sessionId":"2eb14267-9a13-4fc9-912b-21c2a41c31e0","value":{"ELEMENT":"00000000-0000-0115-ffff-ffff00000044","element-6066-11e4-a52e-4f735466cecf":"00000000-0000-0115-ffff-ffff00000044"}}
[debug] [38;5;32m[AndroidUiautomator2Driver@74e5 (5e8efee0)][0m Responding to client with driver.findElement() result: {"element-6066-11e4-a52e-4f735466cecf":"00000000-0000-0115-ffff-ffff00000044","ELEMENT":"00000000-0000-0115-ffff-ffff00000044"}
[38;5;0m[HTTP][0m [37m<-- POST /session/5e8efee0-2256-49dc-bafb-a3e48f098226/element [39m[32m200[39m [90m1077 ms - 137[39m
[38;5;0m[HTTP][0m [90m[39m
[38;5;0m[HTTP][0m [37m-->[39m [37mPOST[39m [37m/session/5e8efee0-2256-49dc-bafb-a3e48f098226/element/00000000-0000-0115-ffff-ffff00000044/click[39m
[38;5;0m[HTTP][0m [90m{}[39m
[debug] [38;5;32m[AndroidUiautomator2Driver@74e5 (5e8efee0)][0m Calling AppiumDriver.click() with args: ["00000000-0000-0115-ffff-ffff00000044","5e8efee0-2256-49dc-bafb-a3e48f098226"]
[debug] [38;5;32m[AndroidUiautomator2Driver@74e5 (5e8efee0)][0m Matched '/element/00000000-0000-0115-ffff-ffff00000044/click' to command name 'click'
[debug] [38;5;32m[AndroidUiautomator2Driver@74e5 (5e8efee0)][0m Proxying [POST /element/00000000-0000-0115-ffff-ffff00000044/click] to [POST http://127.0.0.1:8200/session/2eb14267-9a13-4fc9-912b-21c2a41c31e0/element/00000000-0000-0115-ffff-ffff00000044/click] with body: {"element":"00000000-0000-0115-ffff-ffff00000044"}
[debug] [38;5;32m[AndroidUiautomator2Driver@74e5 (5e8efee0)][0m Got response with status 200: {"sessionId":"2eb14267-9a13-4fc9-912b-21c2a41c31e0","value":null}
[debug] [38;5;32m[AndroidUiautomator2Driver@74e5 (5e8efee0)][0m Responding to client with driver.click() result: null
[38;5;0m[HTTP][0m [37m<-- POST /session/5e8efee0-2256-49dc-bafb-a3e48f098226/element/00000000-0000-0115-ffff-ffff00000044/click [39m[32m200[39m [90m83 ms - 14[39m
[38;5;0m[HTTP][0m [90m[39m
[38;5;0m[HTTP][0m [37m-->[39m [37mPOST[39m [37m/session/5e8efee0-2256-49dc-bafb-a3e48f098226/element[39m
[38;5;0m[HTTP][0m [90m{"using":"css selector","value":"[id$=\"tv_header_name\"]"}[39m
[debug] [38;5;32m[AndroidUiautomator2Driver@74e5 (5e8efee0)][0m Calling AppiumDriver.findElement() with args: ["css selector","[id$=\"tv_header_name\"]","5e8efee0-2256-49dc-bafb-a3e48f098226"]
[debug] [38;5;32m[AndroidUiautomator2Driver@74e5 (5e8efee0)][0m Valid locator strategies for this request: xpath, id, class name, accessibility id, css selector, -android uiautomator
[debug] [38;5;32m[AndroidUiautomator2Driver@74e5 (5e8efee0)][0m Waiting up to 0 ms for condition
[debug] [38;5;32m[AndroidUiautomator2Driver@74e5 (5e8efee0)][0m Matched '/element' to command name 'findElement'
[debug] [38;5;32m[AndroidUiautomator2Driver@74e5 (5e8efee0)][0m Proxying [POST /element] to [POST http://127.0.0.1:8200/session/2eb14267-9a13-4fc9-912b-21c2a41c31e0/element] with body: {"strategy":"-android uiautomator","selector":"new UiSelector().resourceIdMatches(\"com\\.fghilmany\\.dietmealapp:id/tv_header_name$\")","context":"","multiple":false}
[debug] [38;5;32m[AndroidUiautomator2Driver@74e5 (5e8efee0)][0m Got response with status 200: {"sessionId":"2eb14267-9a13-4fc9-912b-21c2a41c31e0","value":{"ELEMENT":"00000000-0000-0116-ffff-ffff00000060","element-6066-11e4-a52e-4f735466cecf":"00000000-0000-0116-ffff-ffff00000060"}}
[debug] [38;5;32m[AndroidUiautomator2Driver@74e5 (5e8efee0)][0m Responding to client with driver.findElement() result: {"element-6066-11e4-a52e-4f735466cecf":"00000000-0000-0116-ffff-ffff00000060","ELEMENT":"00000000-0000-0116-ffff-ffff00000060"}
[38;5;0m[HTTP][0m [37m<-- POST /session/5e8efee0-2256-49dc-bafb-a3e48f098226/element [39m[32m200[39m [90m1467 ms - 137[39m
[38;5;0m[HTTP][0m [90m[39m
[38;5;0m[HTTP][0m [37m-->[39m [37mGET[39m [37m/session/5e8efee0-2256-49dc-bafb-a3e48f098226/element/00000000-0000-0116-ffff-ffff00000060/displayed[39m
[38;5;0m[HTTP][0m [90m{}[39m
[debug] [38;5;32m[AndroidUiautomator2Driver@74e5 (5e8efee0)][0m Calling AppiumDriver.elementDisplayed() with args: ["00000000-0000-0116-ffff-ffff00000060","5e8efee0-2256-49dc-bafb-a3e48f098226"]
[debug] [38;5;32m[AndroidUiautomator2Driver@74e5 (5e8efee0)][0m Matched '/element/00000000-0000-0116-ffff-ffff00000060/attribute/displayed' to command name 'getAttribute'
[debug] [38;5;32m[AndroidUiautomator2Driver@74e5 (5e8efee0)][0m Proxying [GET /element/00000000-0000-0116-ffff-ffff00000060/attribute/displayed] to [GET http://127.0.0.1:8200/session/2eb14267-9a13-4fc9-912b-21c2a41c31e0/element/00000000-0000-0116-ffff-ffff00000060/attribute/displayed] with no body
[debug] [38;5;32m[AndroidUiautomator2Driver@74e5 (5e8efee0)][0m Got response with status 200: {"sessionId":"2eb14267-9a13-4fc9-912b-21c2a41c31e0","value":"true"}
[debug] [38;5;32m[AndroidUiautomator2Driver@74e5 (5e8efee0)][0m Responding to client with driver.elementDisplayed() result: true
[38;5;0m[HTTP][0m [37m<-- GET /session/5e8efee0-2256-49dc-bafb-a3e48f098226/element/00000000-0000-0116-ffff-ffff00000060/displayed [39m[32m200[39m [90m50 ms - 14[39m
[38;5;0m[HTTP][0m [90m[39m
[38;5;0m[HTTP][0m [37m-->[39m [37mGET[39m [37m/session/5e8efee0-2256-49dc-bafb-a3e48f098226/element/00000000-0000-0116-ffff-ffff00000060/displayed[39m
[38;5;0m[HTTP][0m [90m{}[39m
[debug] [38;5;32m[AndroidUiautomator2Driver@74e5 (5e8efee0)][0m Calling AppiumDriver.elementDisplayed() with args: ["00000000-0000-0116-ffff-ffff00000060","5e8efee0-2256-49dc-bafb-a3e48f098226"]
[debug] [38;5;32m[AndroidUiautomator2Driver@74e5 (5e8efee0)][0m Matched '/element/00000000-0000-0116-ffff-ffff00000060/attribute/displayed' to command name 'getAttribute'
[debug] [38;5;32m[AndroidUiautomator2Driver@74e5 (5e8efee0)][0m Proxying [GET /element/00000000-0000-0116-ffff-ffff00000060/attribute/displayed] to [GET http://127.0.0.1:8200/session/2eb14267-9a13-4fc9-912b-21c2a41c31e0/element/00000000-0000-0116-ffff-ffff00000060/attribute/displayed] with no body
[38;5;0m[HTTP][0m [37m-->[39m [37mDELETE[39m [37m/session/5e8efee0-2256-49dc-bafb-a3e48f098226[39m
[38;5;0m[HTTP][0m [90m{}[39m
[debug] [38;5;32m[AndroidUiautomator2Driver@74e5 (5e8efee0)][0m Calling AppiumDriver.deleteSession() with args: ["5e8efee0-2256-49dc-bafb-a3e48f098226"]
[debug] [38;5;16m[AppiumDriver@023f][0m Event 'quitSessionRequested' logged at 1688813042031 (17:44:02 GMT+0700 (Western Indonesia Time))
[38;5;16m[AppiumDriver@023f][0m Removing session 5e8efee0-2256-49dc-bafb-a3e48f098226 from our master session list
[debug] [38;5;32m[AndroidUiautomator2Driver@74e5 (5e8efee0)][0m Deleting UiAutomator2 session
[debug] [38;5;32m[AndroidUiautomator2Driver@74e5 (5e8efee0)][0m Deleting UiAutomator2 server session
[debug] [38;5;32m[AndroidUiautomator2Driver@74e5 (5e8efee0)][0m Matched '/' to command name 'deleteSession'
[debug] [38;5;32m[AndroidUiautomator2Driver@74e5 (5e8efee0)][0m Proxying [DELETE /] to [DELETE http://127.0.0.1:8200/session/2eb14267-9a13-4fc9-912b-21c2a41c31e0] with no body
[debug] [38;5;32m[AndroidUiautomator2Driver@74e5 (5e8efee0)][0m Got response with status 200: {"sessionId":"2eb14267-9a13-4fc9-912b-21c2a41c31e0","value":null}
[debug] [38;5;64m[ADB][0m Running 'C:\Users\bnmo\AppData\Local\Android\Sdk\platform-tools\adb.exe -P 5037 -s JZ69FQXKBY9DDYZD shell dumpsys activity services io.appium.settings/.recorder.RecorderService'
[debug] [38;5;96m[Logcat][0m Stopping logcat capture
[debug] [38;5;32m[AndroidUiautomator2Driver@74e5 (5e8efee0)][0m Got response with status 200: {"sessionId":"2eb14267-9a13-4fc9-912b-21c2a41c31e0","value":"true"}
[debug] [38;5;16m[AppiumDriver@023f][0m Responding to client with driver.elementDisplayed() result: true
[38;5;0m[HTTP][0m [37m<-- GET /session/5e8efee0-2256-49dc-bafb-a3e48f098226/element/00000000-0000-0116-ffff-ffff00000060/displayed [39m[32m200[39m [90m61 ms - 14[39m
[38;5;0m[HTTP][0m [90m[39m
[debug] [38;5;64m[ADB][0m Removing forwarded port socket connection: 8200 
[debug] [38;5;64m[ADB][0m Running 'C:\Users\bnmo\AppData\Local\Android\Sdk\platform-tools\adb.exe -P 5037 -s JZ69FQXKBY9DDYZD forward --remove tcp:8200'
[debug] [38;5;112m[Instrumentation][0m .
[debug] [38;5;112m[Instrumentation][0m Time: 26,035
[debug] [38;5;112m[Instrumentation][0m 
[debug] [38;5;112m[Instrumentation][0m OK (1 test)
[38;5;32m[AndroidUiautomator2Driver@74e5 (5e8efee0)][0m Restoring hidden api policy to the device default configuration
[debug] [38;5;64m[ADB][0m Running 'C:\Users\bnmo\AppData\Local\Android\Sdk\platform-tools\adb.exe -P 5037 -s JZ69FQXKBY9DDYZD shell 'settings delete global hidden_api_policy_pre_p_apps;settings delete global hidden_api_policy_p_apps;settings delete global hidden_api_policy''
[debug] [38;5;112m[Instrumentation][0m The process has exited with code 0
[debug] [38;5;16m[AppiumDriver@023f][0m Event 'quitSessionFinished' logged at 1688813042360 (17:44:02 GMT+0700 (Western Indonesia Time))
[debug] [38;5;16m[AppiumDriver@023f][0m Received response: null
[debug] [38;5;16m[AppiumDriver@023f][0m But deleting session, so not returning
[debug] [38;5;16m[AppiumDriver@023f][0m Responding to client with driver.deleteSession() result: null
[38;5;0m[HTTP][0m [37m<-- DELETE /session/5e8efee0-2256-49dc-bafb-a3e48f098226 [39m[32m200[39m [90m332 ms - 14[39m
[38;5;0m[HTTP][0m [90m[39m
